#
# A fatal error has been detected by the Java Runtime Environment:
#
#  SIGSEGV (0xb) at pc=0x00007f50cdadea2f, pid=26406, tid=0x00007f50b4128700
#
# JRE version: OpenJDK Runtime Environment (8.0_121-b13) (build 1.8.0_121-8u121-b13-0ubuntu1.16.04.2-b13)
# Java VM: OpenJDK 64-Bit Server VM (25.121-b13 mixed mode linux-amd64 compressed oops)
# Problematic frame:
# V  [libjvm.so+0x5aca2f]
#
# Failed to write core dump. Core dumps have been disabled. To enable core dumping, try "ulimit -c unlimited" before starting Java again
#
# If you would like to submit a bug report, please visit:
#   http://bugreport.java.com/bugreport/crash.jsp
#

---------------  T H R E A D  ---------------

Current thread (0x00007f50c80b7800):  JavaThread "C2 CompilerThread1" daemon [_thread_in_native, id=26422, stack(0x00007f50b4028000,0x00007f50b4129000)]

siginfo: si_signo: 11 (SIGSEGV), si_code: 1 (SEGV_MAPERR), si_addr: 0x0000000000000828

Registers:
RAX=0x00007f50ca0ecfb8, RBX=0x000000000000001f, RCX=0x0000000000000020, RDX=0x00007f50ca0ecf88
RSP=0x00007f50b41248f0, RBP=0x00007f50b4124970, RSI=0x00007f507c0dcab0, RDI=0x0000000080000004
R8 =0x00007f50892cf510, R9 =0x0000000000000002, R10=0x00007f5080696f20, R11=0x0000000000000020
R12=0x0000000000000800, R13=0x00007f50b41249d0, R14=0x00007f50b41249b0, R15=0x00007f50b4124ae0
RIP=0x00007f50cdadea2f, EFLAGS=0x0000000000010206, CSGSFS=0x0000000000000033, ERR=0x0000000000000004
  TRAPNO=0x000000000000000e

Top of Stack: (sp=0x00007f50b41248f0)
0x00007f50b41248f0:   00007f50b4124b38 00007f50b4124910
0x00007f50b4124900:   00000064b41249c0 00007f50ca0ecbd0
0x00007f50b4124910:   00007f507c08fa60 00007f507c0afac0
0x00007f50b4124920:   00007f507c08fa40 00007f50c80232f0
0x00007f50b4124930:   00007f50b4124ae0 3828dd04c4dd2d00
0x00007f50b4124940:   00007f50b4124970 00007f50c80232f0
0x00007f50b4124950:   00007f50b41249b0 0000000000001ea9
0x00007f50b4124960:   00007f50b4124ae0 00007f50b41249d0
0x00007f50b4124970:   00007f50b4124a50 00007f50cdae1acc
0x00007f50b4124980:   00007f50892a92f0 0000000000000000
0x00007f50b4124990:   00000000002dcfa0 00007f50c9845aa8
0x00007f50b41249a0:   00007f50c9840790 00007f50c983dac0
0x00007f50b41249b0:   00007f50ce4132b0 00007f50c80232f0
0x00007f50b41249c0:   0000000000000200 00007f5089000790
0x00007f50b41249d0:   00007f50c80232f0 00007f5000002000
0x00007f50b41249e0:   00007f507c0b1530 00007f50000000e2
0x00007f50b41249f0:   00007f5000000200 00007f50c80232f0
0x00007f50b4124a00:   00007f50892a8240 00007f5000000000
0x00007f50b4124a10:   00007f507d020370 3828dd04c4dd2d00
0x00007f50b4124a20:   00007f50ca1497f0 00007f50b4124ae0
0x00007f50b4124a30:   00007f50b4125640 00007f50b4124b70
0x00007f50b4124a40:   00007f50b4124ae0 00007f50b4126f40
0x00007f50b4124a50:   00007f50b4124a70 00007f50cdae437a
0x00007f50b4124a60:   00007f50b4124ae0 00007f50b4126f40
0x00007f50b4124a70:   00007f50b4126300 00007f50cd997201
0x00007f50b4124a80:   0000000000000000 0000000000000000
0x00007f50b4124a90:   0000000000000000 0000000000000000
0x00007f50b4124aa0:   0000000000000000 0000000000000000
0x00007f50b4124ab0:   0000000000000000 0000000000000000
0x00007f50b4124ac0:   0000000000000000 0000000000000000
0x00007f50b4124ad0:   0000000000000000 0000000000000000
0x00007f50b4124ae0:   0000000000000007 00007f50b4126f40 

Instructions: (pc=0x00007f50cdadea2f)
0x00007f50cdadea0f:   00 8b 4a 1c 44 89 db 39 cb 0f 83 42 01 00 00 48
0x00007f50cdadea1f:   8b 42 08 44 8d 5b 01 4c 8b 24 d8 4d 85 e4 74 e4
0x00007f50cdadea2f:   41 8b 74 24 28 89 f0 c1 e8 05 41 3b 46 10 73 79
0x00007f50cdadea3f:   89 f1 49 8b 76 18 bf 01 00 00 00 83 e1 1f 48 d3 

Register to memory mapping:

RAX=0x00007f50ca0ecfb8 is an unknown value
RBX=0x000000000000001f is an unknown value
RCX=0x0000000000000020 is an unknown value
RDX=0x00007f50ca0ecf88 is an unknown value
RSP=0x00007f50b41248f0 is pointing into the stack for thread: 0x00007f50c80b7800
RBP=0x00007f50b4124970 is pointing into the stack for thread: 0x00007f50c80b7800
RSI=0x00007f507c0dcab0 is an unknown value
RDI=0x0000000080000004 is an unknown value
R8 =0x00007f50892cf510 is an unknown value
R9 =0x0000000000000002 is an unknown value
R10=0x00007f5080696f20 is an unknown value
R11=0x0000000000000020 is an unknown value
R12=0x0000000000000800 is an unknown value
R13=0x00007f50b41249d0 is pointing into the stack for thread: 0x00007f50c80b7800
R14=0x00007f50b41249b0 is pointing into the stack for thread: 0x00007f50c80b7800
R15=0x00007f50b4124ae0 is pointing into the stack for thread: 0x00007f50c80b7800


Stack: [0x00007f50b4028000,0x00007f50b4129000],  sp=0x00007f50b41248f0,  free space=1010k
Native frames: (J=compiled Java code, j=interpreted, Vv=VM code, C=native code)
V  [libjvm.so+0x5aca2f]
V  [libjvm.so+0x5afacc]
V  [libjvm.so+0x5b237a]
V  [libjvm.so+0x465201]
V  [libjvm.so+0x468392]
V  [libjvm.so+0x3b75d1]
V  [libjvm.so+0x47338c]
V  [libjvm.so+0x4751c7]
V  [libjvm.so+0xa0aa97]
V  [libjvm.so+0xa0af5c]
V  [libjvm.so+0x8b2042]
C  [libpthread.so.0+0x76ba]  start_thread+0xca


Current CompileTask:
C2:  20091 5365   !   4       clojure.lang.Compiler::eval (393 bytes)


---------------  P R O C E S S  ---------------

Java Threads: ( => current thread )
  0x00007f50c92ab000 JavaThread "clojure.core.async.timers/timeout-daemon" daemon [_thread_blocked, id=26430, stack(0x00007f50ad1dc000,0x00007f50ad2dd000)]
  0x00007f50c80c9000 JavaThread "Service Thread" daemon [_thread_blocked, id=26424, stack(0x00007f50afdfe000,0x00007f50afeff000)]
  0x00007f50c80b9800 JavaThread "C1 CompilerThread2" daemon [_thread_blocked, id=26423, stack(0x00007f50afeff000,0x00007f50b0000000)]
=>0x00007f50c80b7800 JavaThread "C2 CompilerThread1" daemon [_thread_in_native, id=26422, stack(0x00007f50b4028000,0x00007f50b4129000)]
  0x00007f50c80b5000 JavaThread "C2 CompilerThread0" daemon [_thread_in_native, id=26421, stack(0x00007f50b4129000,0x00007f50b422a000)]
  0x00007f50c80b2800 JavaThread "Signal Dispatcher" daemon [_thread_blocked, id=26420, stack(0x00007f50b422a000,0x00007f50b432b000)]
  0x00007f50c808b000 JavaThread "Finalizer" daemon [_thread_blocked, id=26419, stack(0x00007f50b577b000,0x00007f50b587c000)]
  0x00007f50c8086800 JavaThread "Reference Handler" daemon [_thread_blocked, id=26418, stack(0x00007f50b587c000,0x00007f50b597d000)]
  0x00007f50c8011800 JavaThread "main" [_thread_in_vm, id=26411, stack(0x00007f50cf189000,0x00007f50cf28a000)]

Other Threads:
  0x00007f50c807e800 VMThread [stack: 0x00007f50b597d000,0x00007f50b5a7e000] [id=26417]
  0x00007f50c80cb800 WatcherThread [stack: 0x00007f50afcfd000,0x00007f50afdfe000] [id=26425]

VM state:not at safepoint (normal execution)

VM Mutex/Monitor currently owned by a thread:  ([mutex/lock_event])
[0x00007f50c800d030] SystemDictionary_lock - owner thread: 0x00007f50c8011800

Heap:
 PSYoungGen      total 823296K, used 539609K [0x0000000782100000, 0x00000007b7100000, 0x00000007c0000000)
  eden space 816128K, 65% used [0x0000000782100000,0x00000007a2934160,0x00000007b3e00000)
  from space 7168K, 96% used [0x00000007b6a00000,0x00000007b70c2300,0x00000007b7100000)
  to   space 10752K, 0% used [0x00000007b5c00000,0x00000007b5c00000,0x00000007b6680000)
 ParOldGen       total 113152K, used 22392K [0x0000000706200000, 0x000000070d080000, 0x0000000782100000)
  object space 113152K, 19% used [0x0000000706200000,0x00000007077de3c8,0x000000070d080000)
 Metaspace       used 61875K, capacity 93785K, committed 93976K, reserved 1114112K
  class space    used 17559K, capacity 28361K, committed 28440K, reserved 1048576K

Card table byte_map: [0x00007f50b8255000,0x00007f50b8825000] byte_map_base: 0x00007f50b4a24000

Marking Bits: (ParMarkBitMap*) 0x00007f50ce450220
 Begin Bits: [0x00007f509a310000, 0x00007f509d188000)
 End Bits:   [0x00007f509d188000, 0x00007f50a0000000)

Polling page: 0x00007f50cf2a2000

CodeCache: size=245760Kb used=19740Kb max_used=19892Kb free=226019Kb
 bounds [0x00007f50b8be5000, 0x00007f50b9f85000, 0x00007f50c7be5000]
 total_blobs=4269 nmethods=3898 adapters=285
 compilation: enabled

Compilation events (10 events):
Event: 19.885 Thread 0x00007f50c80b9800 5374       3       clojure.lang.Compiler::resolveIn (281 bytes)
Event: 19.891 Thread 0x00007f50c80b9800 nmethod 5374 0x00007f50b9f6cb10 code [0x00007f50b9f6d1c0, 0x00007f50b9f71d98]
Event: 19.892 Thread 0x00007f50c80b9800 5375       3       clojure.lang.RT::var (17 bytes)
Event: 19.893 Thread 0x00007f50c80b9800 nmethod 5375 0x00007f50b8dba750 code [0x00007f50b8dba920, 0x00007f50b8dbaf18]
Event: 19.895 Thread 0x00007f50c80b9800 5376   !   3       clojure.lang.Compiler::macroexpand1 (334 bytes)
Event: 19.899 Thread 0x00007f50c80b9800 nmethod 5376 0x00007f50b9f73f10 code [0x00007f50b9f74420, 0x00007f50b9f77318]
Event: 19.940 Thread 0x00007f50c80b9800 5378   !   3       clojure.lang.RT$7::run (44 bytes)
Event: 19.941 Thread 0x00007f50c80b9800 nmethod 5378 0x00007f50b8fc6150 code [0x00007f50b8fc6360, 0x00007f50b8fc6c58]
Event: 20.015 Thread 0x00007f50c80b9800 5379       3       clojure.lang.Compiler$InvokeExpr::sigTag (87 bytes)
Event: 20.016 Thread 0x00007f50c80b9800 nmethod 5379 0x00007f50b8ec93d0 code [0x00007f50b8ec95e0, 0x00007f50b8ec9d98]

GC Heap History (10 events):
Event: 6.907 GC heap before
{Heap before GC invocations=9 (full 1):
 PSYoungGen      total 388096K, used 27430K [0x0000000782100000, 0x00000007a8700000, 0x00000007c0000000)
  eden space 378368K, 5% used [0x0000000782100000,0x00000007837127a8,0x0000000799280000)
  from space 9728K, 49% used [0x0000000799280000,0x00000007997372d0,0x0000000799c00000)
  to   space 9728K, 0% used [0x00000007a7d80000,0x00000007a7d80000,0x00000007a8700000)
 ParOldGen       total 65024K, used 7464K [0x0000000706200000, 0x000000070a180000, 0x0000000782100000)
  object space 65024K, 11% used [0x0000000706200000,0x000000070694a1d8,0x000000070a180000)
 Metaspace       used 26848K, capacity 35379K, committed 35496K, reserved 1075200K
  class space    used 6771K, capacity 9779K, committed 9896K, reserved 1048576K
Event: 6.924 GC heap after
Heap after GC invocations=9 (full 1):
 PSYoungGen      total 619008K, used 4984K [0x0000000782100000, 0x00000007ac700000, 0x00000007c0000000)
  eden space 609280K, 0% used [0x0000000782100000,0x0000000782100000,0x00000007a7400000)
  from space 9728K, 51% used [0x00000007a7d80000,0x00000007a825e050,0x00000007a8700000)
  to   space 9728K, 0% used [0x00000007a7400000,0x00000007a7400000,0x00000007a7d80000)
 ParOldGen       total 65024K, used 7464K [0x0000000706200000, 0x000000070a180000, 0x0000000782100000)
  object space 65024K, 11% used [0x0000000706200000,0x000000070694a1d8,0x000000070a180000)
 Metaspace       used 26848K, capacity 35379K, committed 35496K, reserved 1075200K
  class space    used 6771K, capacity 9779K, committed 9896K, reserved 1048576K
}
Event: 6.924 GC heap before
{Heap before GC invocations=10 (full 2):
 PSYoungGen      total 619008K, used 4984K [0x0000000782100000, 0x00000007ac700000, 0x00000007c0000000)
  eden space 609280K, 0% used [0x0000000782100000,0x0000000782100000,0x00000007a7400000)
  from space 9728K, 51% used [0x00000007a7d80000,0x00000007a825e050,0x00000007a8700000)
  to   space 9728K, 0% used [0x00000007a7400000,0x00000007a7400000,0x00000007a7d80000)
 ParOldGen       total 65024K, used 7464K [0x0000000706200000, 0x000000070a180000, 0x0000000782100000)
  object space 65024K, 11% used [0x0000000706200000,0x000000070694a1d8,0x000000070a180000)
 Metaspace       used 26848K, capacity 35379K, committed 35496K, reserved 1075200K
  class space    used 6771K, capacity 9779K, committed 9896K, reserved 1048576K
Event: 7.052 GC heap after
Heap after GC invocations=10 (full 2):
 PSYoungGen      total 619008K, used 0K [0x0000000782100000, 0x00000007ac700000, 0x00000007c0000000)
  eden space 609280K, 0% used [0x0000000782100000,0x0000000782100000,0x00000007a7400000)
  from space 9728K, 0% used [0x00000007a7d80000,0x00000007a7d80000,0x00000007a8700000)
  to   space 9728K, 0% used [0x00000007a7400000,0x00000007a7400000,0x00000007a7d80000)
 ParOldGen       total 85504K, used 12074K [0x0000000706200000, 0x000000070b580000, 0x0000000782100000)
  object space 85504K, 14% used [0x0000000706200000,0x0000000706dca858,0x000000070b580000)
 Metaspace       used 26848K, capacity 35379K, committed 35496K, reserved 1075200K
  class space    used 6771K, capacity 9779K, committed 9896K, reserved 1048576K
}
Event: 11.639 GC heap before
{Heap before GC invocations=11 (full 2):
 PSYoungGen      total 619008K, used 601255K [0x0000000782100000, 0x00000007ac700000, 0x00000007c0000000)
  eden space 609280K, 98% used [0x0000000782100000,0x00000007a6c29e90,0x00000007a7400000)
  from space 9728K, 0% used [0x00000007a7d80000,0x00000007a7d80000,0x00000007a8700000)
  to   space 9728K, 0% used [0x00000007a7400000,0x00000007a7400000,0x00000007a7d80000)
 ParOldGen       total 85504K, used 12074K [0x0000000706200000, 0x000000070b580000, 0x0000000782100000)
  object space 85504K, 14% used [0x0000000706200000,0x0000000706dca858,0x000000070b580000)
 Metaspace       used 41316K, capacity 59111K, committed 59160K, reserved 1091584K
  class space    used 10956K, capacity 17127K, committed 17176K, reserved 1048576K
Event: 11.668 GC heap after
Heap after GC invocations=11 (full 2):
 PSYoungGen      total 619008K, used 9726K [0x0000000782100000, 0x00000007b7500000, 0x00000007c0000000)
  eden space 609280K, 0% used [0x0000000782100000,0x0000000782100000,0x00000007a7400000)
  from space 9728K, 99% used [0x00000007a7400000,0x00000007a7d7f810,0x00000007a7d80000)
  to   space 11264K, 0% used [0x00000007b6a00000,0x00000007b6a00000,0x00000007b7500000)
 ParOldGen       total 85504K, used 13134K [0x0000000706200000, 0x000000070b580000, 0x0000000782100000)
  object space 85504K, 15% used [0x0000000706200000,0x0000000706ed3b08,0x000000070b580000)
 Metaspace       used 41316K, capacity 59111K, committed 59160K, reserved 1091584K
  class space    used 10956K, capacity 17127K, committed 17176K, reserved 1048576K
}
Event: 11.668 GC heap before
{Heap before GC invocations=12 (full 3):
 PSYoungGen      total 619008K, used 9726K [0x0000000782100000, 0x00000007b7500000, 0x00000007c0000000)
  eden space 609280K, 0% used [0x0000000782100000,0x0000000782100000,0x00000007a7400000)
  from space 9728K, 99% used [0x00000007a7400000,0x00000007a7d7f810,0x00000007a7d80000)
  to   space 11264K, 0% used [0x00000007b6a00000,0x00000007b6a00000,0x00000007b7500000)
 ParOldGen       total 85504K, used 13134K [0x0000000706200000, 0x000000070b580000, 0x0000000782100000)
  object space 85504K, 15% used [0x0000000706200000,0x0000000706ed3b08,0x000000070b580000)
 Metaspace       used 41316K, capacity 59111K, committed 59160K, reserved 1091584K
  class space    used 10956K, capacity 17127K, committed 17176K, reserved 1048576K
Event: 11.844 GC heap after
Heap after GC invocations=12 (full 3):
 PSYoungGen      total 619008K, used 0K [0x0000000782100000, 0x00000007b7500000, 0x00000007c0000000)
  eden space 609280K, 0% used [0x0000000782100000,0x0000000782100000,0x00000007a7400000)
  from space 9728K, 0% used [0x00000007a7400000,0x00000007a7400000,0x00000007a7d80000)
  to   space 11264K, 0% used [0x00000007b6a00000,0x00000007b6a00000,0x00000007b7500000)
 ParOldGen       total 113152K, used 22376K [0x0000000706200000, 0x000000070d080000, 0x0000000782100000)
  object space 113152K, 19% used [0x0000000706200000,0x00000007077da3c8,0x000000070d080000)
 Metaspace       used 41316K, capacity 59111K, committed 59160K, reserved 1091584K
  class space    used 10956K, capacity 17127K, committed 17176K, reserved 1048576K
}
Event: 16.293 GC heap before
{Heap before GC invocations=13 (full 3):
 PSYoungGen      total 619008K, used 609280K [0x0000000782100000, 0x00000007b7500000, 0x00000007c0000000)
  eden space 609280K, 100% used [0x0000000782100000,0x00000007a7400000,0x00000007a7400000)
  from space 9728K, 0% used [0x00000007a7400000,0x00000007a7400000,0x00000007a7d80000)
  to   space 11264K, 0% used [0x00000007b6a00000,0x00000007b6a00000,0x00000007b7500000)
 ParOldGen       total 113152K, used 22376K [0x0000000706200000, 0x000000070d080000, 0x0000000782100000)
  object space 113152K, 19% used [0x0000000706200000,0x00000007077da3c8,0x000000070d080000)
 Metaspace       used 51253K, capacity 76767K, committed 76952K, reserved 1103872K
  class space    used 14131K, capacity 22811K, committed 22936K, reserved 1048576K
Event: 16.315 GC heap after
Heap after GC invocations=13 (full 3):
 PSYoungGen      total 823296K, used 6920K [0x0000000782100000, 0x00000007b7100000, 0x00000007c0000000)
  eden space 816128K, 0% used [0x0000000782100000,0x0000000782100000,0x00000007b3e00000)
  from space 7168K, 96% used [0x00000007b6a00000,0x00000007b70c2300,0x00000007b7100000)
  to   space 10752K, 0% used [0x00000007b5c00000,0x00000007b5c00000,0x00000007b6680000)
 ParOldGen       total 113152K, used 22392K [0x0000000706200000, 0x000000070d080000, 0x0000000782100000)
  object space 113152K, 19% used [0x0000000706200000,0x00000007077de3c8,0x000000070d080000)
 Metaspace       used 51253K, capacity 76767K, committed 76952K, reserved 1103872K
  class space    used 14131K, capacity 22811K, committed 22936K, reserved 1048576K
}

Deoptimization events (10 events):
Event: 19.421 Thread 0x00007f50c8011800 Uncommon trap: reason=unstable_if action=reinterpret pc=0x00007f50b917ffe4 method=java.util.regex.Matcher.quoteReplacement(Ljava/lang/String;)Ljava/lang/String; @ 17
Event: 19.496 Thread 0x00007f50c8011800 Uncommon trap: reason=uninitialized action=reinterpret pc=0x00007f50b9f289b4 method=clojure.lang.Compiler.currentNS()Lclojure/lang/Namespace; @ 0
Event: 19.558 Thread 0x00007f50c8011800 Uncommon trap: reason=uninitialized action=reinterpret pc=0x00007f50b9f306bc method=clojure.lang.Compiler.tagOf(Ljava/lang/Object;)Lclojure/lang/Symbol; @ 4
Event: 19.611 Thread 0x00007f50c8011800 Uncommon trap: reason=uninitialized action=reinterpret pc=0x00007f50b9f42770 method=clojure.lang.Compiler.tagOf(Ljava/lang/Object;)Lclojure/lang/Symbol; @ 4
Event: 19.679 Thread 0x00007f50c8011800 Uncommon trap: reason=uninitialized action=reinterpret pc=0x00007f50b9f403f8 method=clojure.lang.LispReader.interpretToken(Ljava/lang/String;)Ljava/lang/Object; @ 20
Event: 19.684 Thread 0x00007f50c8011800 Uncommon trap: reason=uninitialized action=reinterpret pc=0x00007f50b9ee8498 method=clojure.lang.RT$7.run()Ljava/lang/Object; @ 6
Event: 19.723 Thread 0x00007f50c8011800 Uncommon trap: reason=uninitialized action=reinterpret pc=0x00007f50b9f2ee1c method=clojure.lang.Compiler.currentNS()Lclojure/lang/Namespace; @ 0
Event: 19.742 Thread 0x00007f50c8011800 Uncommon trap: reason=uninitialized action=reinterpret pc=0x00007f50b8fb959c method=clojure.lang.Namespace.<init>(Lclojure/lang/Symbol;)V @ 39
Event: 19.775 Thread 0x00007f50c8011800 Uncommon trap: reason=uninitialized action=reinterpret pc=0x00007f50b9f3e310 method=clojure.lang.LispReader.read(Ljava/io/PushbackReader;ZLjava/lang/Object;Ljava/lang/Character;Ljava/lang/Object;ZLjava/lang/Object;Ljava/lang/Object;)Ljava/lang/Object; @ 0
Event: 19.804 Thread 0x00007f50c8011800 Uncommon trap: reason=predicate action=maybe_recompile pc=0x00007f50b903d320 method=clojure.lang.Compiler$ObjExpr.emitValue(Ljava/lang/Object;Lclojure/asm/commons/GeneratorAdapter;)V @ 956

Internal exceptions (10 events):
Event: 8.787 Thread 0x00007f50c8011800 Implicit null exception at 0x00007f50b9138baf to 0x00007f50b9139cf9
Event: 8.813 Thread 0x00007f50c8011800 Implicit null exception at 0x00007f50b8d22798 to 0x00007f50b8d22e55
Event: 14.581 Thread 0x00007f50c8011800 Implicit null exception at 0x00007f50b958fc6f to 0x00007f50b958fcf6
Event: 14.588 Thread 0x00007f50c8011800 Implicit null exception at 0x00007f50b8e5dd6c to 0x00007f50b8e5dd8e
Event: 14.620 Thread 0x00007f50c8011800 Implicit null exception at 0x00007f50b8fc6371 to 0x00007f50b8fc6719
Event: 14.659 Thread 0x00007f50c8011800 Implicit null exception at 0x00007f50b9133dc9 to 0x00007f50b9134495
Event: 19.147 Thread 0x00007f50c8011800 Implicit null exception at 0x00007f50b923c3cf to 0x00007f50b923c42d
Event: 19.147 Thread 0x00007f50c8011800 Implicit null exception at 0x00007f50b93b9bd3 to 0x00007f50b93ba2b1
Event: 19.248 Thread 0x00007f50c8011800 Exception <a 'java/io/FileNotFoundException'> (0x000000079c3612e8) thrown at [/build/openjdk-8-YiEakL/openjdk-8-8u121-b13/src/hotspot/src/share/vm/prims/jni.cpp, line 709]
Event: 19.252 Thread 0x00007f50c8011800 Exception <a 'java/io/FileNotFoundException'> (0x000000079c3a6800) thrown at [/build/openjdk-8-YiEakL/openjdk-8-8u121-b13/src/hotspot/src/share/vm/prims/jni.cpp, line 709]

Events (10 events):
Event: 20.016 Thread 0x00007f50c80b9800 flushing nmethod 0x00007f50b91367d0
Event: 20.016 Thread 0x00007f50c80b9800 flushing nmethod 0x00007f50b914a2d0
Event: 20.016 Thread 0x00007f50c80b9800 flushing nmethod 0x00007f50b914f350
Event: 20.016 Thread 0x00007f50c80b9800 flushing nmethod 0x00007f50b917b050
Event: 20.016 Thread 0x00007f50c80b9800 flushing nmethod 0x00007f50b9185750
Event: 20.016 Thread 0x00007f50c80b9800 flushing nmethod 0x00007f50b918fb90
Event: 20.036 Thread 0x00007f50c8011800 DEOPT PACKING pc=0x00007f50b94dd66f sp=0x00007f50cf279860
Event: 20.036 Thread 0x00007f50c8011800 DEOPT UNPACKING pc=0x00007f50b8c2c373 sp=0x00007f50cf279620 mode 0
Event: 20.054 loading class cheshire/generate_seq__init
Event: 20.054 loading class cheshire/generate_seq__init done


Dynamic libraries:
00400000-00401000 r-xp 00000000 08:02 2888179                            /usr/lib/jvm/java-8-openjdk-amd64/jre/bin/java
00600000-00601000 r--p 00000000 08:02 2888179                            /usr/lib/jvm/java-8-openjdk-amd64/jre/bin/java
00601000-00602000 rw-p 00001000 08:02 2888179                            /usr/lib/jvm/java-8-openjdk-amd64/jre/bin/java
02013000-02034000 rw-p 00000000 00:00 0                                  [heap]
706200000-70d080000 rw-p 00000000 00:00 0 
70d080000-782100000 ---p 00000000 00:00 0 
782100000-7b7100000 rw-p 00000000 00:00 0 
7b7100000-7c0000000 ---p 00000000 00:00 0 
7c0000000-7c1bc6000 rw-p 00000000 00:00 0 
7c1bc6000-800000000 ---p 00000000 00:00 0 
7f506c000000-7f506c021000 rw-p 00000000 00:00 0 
7f506c021000-7f5070000000 ---p 00000000 00:00 0 
7f5074000000-7f5074021000 rw-p 00000000 00:00 0 
7f5074021000-7f5078000000 ---p 00000000 00:00 0 
7f5078000000-7f5078021000 rw-p 00000000 00:00 0 
7f5078021000-7f507c000000 ---p 00000000 00:00 0 
7f507c000000-7f507dac6000 rw-p 00000000 00:00 0 
7f507dac6000-7f5080000000 ---p 00000000 00:00 0 
7f5080000000-7f50809dd000 rw-p 00000000 00:00 0 
7f50809dd000-7f5084000000 ---p 00000000 00:00 0 
7f5084000000-7f5084021000 rw-p 00000000 00:00 0 
7f5084021000-7f5088000000 ---p 00000000 00:00 0 
7f5088000000-7f5089d76000 rw-p 00000000 00:00 0 
7f5089d76000-7f508c000000 ---p 00000000 00:00 0 
7f508c000000-7f508c021000 rw-p 00000000 00:00 0 
7f508c021000-7f5090000000 ---p 00000000 00:00 0 
7f5090000000-7f5090021000 rw-p 00000000 00:00 0 
7f5090021000-7f5094000000 ---p 00000000 00:00 0 
7f5094000000-7f5094021000 rw-p 00000000 00:00 0 
7f5094021000-7f5098000000 ---p 00000000 00:00 0 
7f5099d10000-7f5099f10000 rw-p 00000000 00:00 0 
7f5099f10000-7f509a110000 rw-p 00000000 00:00 0 
7f509a110000-7f509a310000 rw-p 00000000 00:00 0 
7f509a310000-7f50a0000000 rw-p 00000000 00:00 0 
7f50a0000000-7f50a0021000 rw-p 00000000 00:00 0 
7f50a0021000-7f50a4000000 ---p 00000000 00:00 0 
7f50a4000000-7f50a4021000 rw-p 00000000 00:00 0 
7f50a4021000-7f50a8000000 ---p 00000000 00:00 0 
7f50a8000000-7f50a8021000 rw-p 00000000 00:00 0 
7f50a8021000-7f50ac000000 ---p 00000000 00:00 0 
7f50ac1dc000-7f50ac3dc000 rw-p 00000000 00:00 0 
7f50ac3dc000-7f50ac5dc000 rw-p 00000000 00:00 0 
7f50ac5dc000-7f50ac7dc000 rw-p 00000000 00:00 0 
7f50ac7dc000-7f50ac9dc000 rw-p 00000000 00:00 0 
7f50ac9dc000-7f50acbdc000 rw-p 00000000 00:00 0 
7f50acbdc000-7f50acddc000 rw-p 00000000 00:00 0 
7f50acddc000-7f50acfdc000 rw-p 00000000 00:00 0 
7f50acfdc000-7f50ad1dc000 rw-p 00000000 00:00 0 
7f50ad1dc000-7f50ad1df000 ---p 00000000 00:00 0 
7f50ad1df000-7f50ad4dd000 rw-p 00000000 00:00 0 
7f50ad4dd000-7f50ad6dd000 rw-p 00000000 00:00 0 
7f50ad6dd000-7f50ad8dd000 rw-p 00000000 00:00 0 
7f50ad8dd000-7f50adadd000 rw-p 00000000 00:00 0 
7f50adadd000-7f50adcdd000 rw-p 00000000 00:00 0 
7f50adcdd000-7f50adedd000 rw-p 00000000 00:00 0 
7f50adedd000-7f50ae1de000 rw-p 00000000 00:00 0 
7f50ae1de000-7f50ae1f5000 r-xp 00000000 08:02 2888120                    /usr/lib/jvm/java-8-openjdk-amd64/jre/lib/amd64/libnet.so
7f50ae1f5000-7f50ae3f4000 ---p 00017000 08:02 2888120                    /usr/lib/jvm/java-8-openjdk-amd64/jre/lib/amd64/libnet.so
7f50ae3f4000-7f50ae3f5000 r--p 00016000 08:02 2888120                    /usr/lib/jvm/java-8-openjdk-amd64/jre/lib/amd64/libnet.so
7f50ae3f5000-7f50ae3f6000 rw-p 00017000 08:02 2888120                    /usr/lib/jvm/java-8-openjdk-amd64/jre/lib/amd64/libnet.so
7f50ae3f6000-7f50ae5f6000 rw-p 00000000 00:00 0 
7f50ae5f6000-7f50ae7f6000 rw-p 00000000 00:00 0 
7f50ae7f6000-7f50ae7fa000 r--s 0009a000 08:02 2888169                    /usr/lib/jvm/java-8-openjdk-amd64/jre/lib/jsse.jar
7f50ae7fa000-7f50ae9fa000 rw-p 00000000 00:00 0 
7f50ae9fa000-7f50aebfa000 rw-p 00000000 00:00 0 
7f50aebfa000-7f50aedfa000 rw-p 00000000 00:00 0 
7f50aedfa000-7f50aeffa000 rw-p 00000000 00:00 0 
7f50aeffa000-7f50af1fa000 rw-p 00000000 00:00 0 
7f50af1fa000-7f50af3fa000 rw-p 00000000 00:00 0 
7f50af3fa000-7f50af5fa000 rw-p 00000000 00:00 0 
7f50af5fa000-7f50af7fa000 rw-p 00000000 00:00 0 
7f50af7fa000-7f50af7fb000 r--s 00002000 08:02 5509056                    /home/tyler/.m2/repository/riddley/riddley/0.1.6/riddley-0.1.6.jar
7f50af7fb000-7f50af7fd000 r--s 00001000 08:02 5640835                    /home/tyler/.m2/repository/json-html/json-html/0.4.0/json-html-0.4.0.jar
7f50af7fd000-7f50af7fe000 r--s 00002000 08:02 5115216                    /home/tyler/.m2/repository/clj-stacktrace/clj-stacktrace/0.2.8/clj-stacktrace-0.2.8.jar
7f50af7fe000-7f50af7ff000 r--s 00002000 08:02 4459879                    /home/tyler/.m2/repository/com/cemerick/piggieback/0.2.2-SNAPSHOT/piggieback-0.2.2-SNAPSHOT.jar
7f50af7ff000-7f50af801000 r--s 0000c000 08:02 5509058                    /home/tyler/.m2/repository/org/immutant/web/2.1.6/web-2.1.6.jar
7f50af801000-7f50af802000 r--s 00002000 08:02 3028664                    /home/tyler/.m2/repository/clout/clout/2.1.2/clout-2.1.2.jar
7f50af802000-7f50af809000 r--s 0003f000 08:02 3803182                    /home/tyler/.m2/repository/commons-codec/commons-codec/1.10/commons-codec-1.10.jar
7f50af809000-7f50af80b000 r--s 00005000 08:02 4088667                    /home/tyler/.m2/repository/com/cemerick/clojurescript.test/0.2.3-SNAPSHOT/clojurescript.test-0.2.3-SNAPSHOT.jar
7f50af80b000-7f50af80f000 r--s 00028000 08:02 5245913                    /home/tyler/.m2/repository/org/apache/httpcomponents/httpasyncclient/4.1.1/httpasyncclient-4.1.1.jar
7f50af80f000-7f50af810000 r--s 00001000 08:02 4332893                    /home/tyler/.m2/repository/org/clojure/core.cache/0.6.5/core.cache-0.6.5.jar
7f50af810000-7f50af811000 r--s 0002b000 08:02 5640806                    /home/tyler/.m2/repository/org/webjars/jquery/1.11.1/jquery-1.11.1.jar
7f50af811000-7f50af812000 r--s 00001000 08:02 3562669                    /home/tyler/.m2/repository/org/clojure/data.priority-map/0.0.2/data.priority-map-0.0.2.jar
7f50af812000-7f50af814000 r--s 00006000 08:02 5509000                    /home/tyler/.m2/repository/org/projectodd/wunderboss/wunderboss-web-undertow/0.12.2/wunderboss-web-undertow-0.12.2.jar
7f50af814000-7f50af816000 r--s 00000000 08:02 5640831                    /home/tyler/.m2/repository/ring-webjars/ring-webjars/0.1.1/ring-webjars-0.1.1.jar
7f50af816000-7f50af818000 r--s 00001000 08:02 5640841                    /home/tyler/.m2/repository/pjstadig/humane-test-output/0.8.1/humane-test-output-0.8.1.jar
7f50af818000-7f50af81b000 r--s 00007000 08:02 5640821                    /home/tyler/.m2/repository/net/incongru/watchservice/barbary-watchservice/1.0/barbary-watchservice-1.0.jar
7f50af81b000-7f50af81d000 r--s 00006000 08:02 5640811                    /home/tyler/.m2/repository/org/webjars/webjars-locator-core/0.30/webjars-locator-core-0.30.jar
7f50af81d000-7f50af827000 r--s 000a5000 08:02 5245908                    /home/tyler/.m2/repository/org/javassist/javassist/3.18.1-GA/javassist-3.18.1-GA.jar
7f50af827000-7f50af828000 r--s 00005000 08:02 5770252                    /home/tyler/.m2/repository/net/cgrand/parsley/0.9.3/parsley-0.9.3.jar
7f50af828000-7f50af82a000 r--s 00010000 08:02 5246032                    /home/tyler/.m2/repository/org/clojure/google-closure-library-third-party/0.0-20160609-f42b4a24/google-closure-library-third-party-0.0-20160609-f42b4a24.jar
7f50af82a000-7f50af82c000 r--s 00003000 08:02 5246026                    /home/tyler/.m2/repository/com/google/code/findbugs/jsr305/3.0.1/jsr305-3.0.1.jar
7f50af82c000-7f50af834000 r--s 000a5000 08:02 5640804                    /home/tyler/.m2/repository/org/postgresql/postgresql/42.0.0/postgresql-42.0.0.jar
7f50af834000-7f50af835000 r--s 00001000 08:02 5115336                    /home/tyler/.m2/repository/ring/ring-defaults/0.3.0/ring-defaults-0.3.0.jar
7f50af835000-7f50af83b000 r--s 00040000 08:02 5245907                    /home/tyler/.m2/repository/org/msgpack/msgpack/0.6.10/msgpack-0.6.10.jar
7f50af83b000-7f50af83d000 r--s 0000f000 08:02 5509004                    /home/tyler/.m2/repository/org/jboss/logging/jboss-logging/3.2.1.Final/jboss-logging-3.2.1.Final.jar
7f50af83d000-7f50af841000 r--s 00026000 08:02 4724777                    /home/tyler/.m2/repository/http-kit/http-kit/2.2.0/http-kit-2.2.0.jar
7f50af841000-7f50af843000 r--s 00006000 08:02 3414312                    /home/tyler/.m2/repository/ring/ring-core/1.6.0/ring-core-1.6.0.jar
7f50af843000-7f50af84e000 r--s 00065000 08:02 5509006                    /home/tyler/.m2/repository/ch/qos/logback/logback-core/1.1.3/logback-core-1.1.3.jar
7f50af84e000-7f50af84f000 r--s 00004000 08:02 5378955                    /home/tyler/.m2/repository/migratus/migratus/0.9.3/migratus-0.9.3.jar
7f50af84f000-7f50af850000 r--s 00001000 08:02 5509055                    /home/tyler/.m2/repository/tailrecursion/cljs-priority-map/1.0.3/cljs-priority-map-1.0.3.jar
7f50af850000-7f50af851000 r--s 00007000 08:02 5509048                    /home/tyler/.m2/repository/hoplon/hoplon/6.0.0-alpha17/hoplon-6.0.0-alpha17.jar
7f50af851000-7f50af853000 r--s 0000f000 08:02 5640855                    /home/tyler/.m2/repository/strictly-specking-standalone/strictly-specking-standalone/0.1.1/strictly-specking-standalone-0.1.1.jar
7f50af853000-7f50af854000 r--s 00004000 08:02 5379182                    /home/tyler/.m2/repository/buddy/buddy-sign/1.4.0/buddy-sign-1.4.0.jar
7f50af854000-7f50af866000 r--s 0011d000 08:02 5115364                    /home/tyler/.m2/repository/com/fasterxml/jackson/core/jackson-databind/2.8.7/jackson-databind-2.8.7.jar
7f50af866000-7f50af867000 r--s 00000000 08:02 5246029                    /home/tyler/.m2/repository/com/google/jsinterop/jsinterop-annotations/1.0.0/jsinterop-annotations-1.0.0.jar
7f50af867000-7f50af870000 r--s 0006d000 08:02 5509018                    /home/tyler/.m2/repository/io/undertow/undertow-servlet/1.3.23.Final/undertow-servlet-1.3.23.Final.jar
7f50af870000-7f50af871000 r--s 00001000 08:02 4332896                    /home/tyler/.m2/repository/ns-tracker/ns-tracker/0.3.0/ns-tracker-0.3.0.jar
7f50af871000-7f50af875000 r--s 00016000 08:02 4195355                    /home/tyler/.m2/repository/com/cognitect/transit-java/0.8.311/transit-java-0.8.311.jar
7f50af875000-7f50af876000 r--s 00004000 08:02 5245928                    /home/tyler/.m2/repository/cheshire/cheshire/5.5.0/cheshire-5.5.0.jar
7f50af876000-7f50af878000 r--s 0000e000 08:02 5245915                    /home/tyler/.m2/repository/commons-logging/commons-logging/1.2/commons-logging-1.2.jar
7f50af878000-7f50af8b3000 r--s 003de000 08:02 4724765                    /home/tyler/.m2/repository/com/google/javascript/closure-compiler-unshaded/v20170409/closure-compiler-unshaded-v20170409.jar
7f50af8b3000-7f50af8b6000 r--s 00015000 08:02 5245902                    /home/tyler/.m2/repository/javax/servlet/javax.servlet-api/3.1.0/javax.servlet-api-3.1.0.jar
7f50af8b6000-7f50af8b7000 r--s 00000000 08:02 3155343                    /home/tyler/.m2/repository/crypto-random/crypto-random/1.2.0/crypto-random-1.2.0.jar
7f50af8b7000-7f50af8c3000 r--s 0010b000 08:02 3803155                    /home/tyler/.m2/repository/org/mozilla/rhino/1.7R5/rhino-1.7R5.jar
7f50af8c3000-7f50af8c4000 r--s 00003000 08:02 5379177                    /home/tyler/.m2/repository/clojurewerkz/scrypt/1.2.0/scrypt-1.2.0.jar
7f50af8c4000-7f50af8c5000 r--s 00002000 08:02 5379193                    /home/tyler/.m2/repository/luminus/ring-ttl-session/0.3.2/ring-ttl-session-0.3.2.jar
7f50af8c5000-7f50af910000 r--s 002ff000 08:02 5379168                    /home/tyler/.m2/repository/org/bouncycastle/bcprov-jdk15on/1.56/bcprov-jdk15on-1.56.jar
7f50af910000-7f50af913000 r--s 0000f000 08:02 3414302                    /home/tyler/.m2/repository/commons-fileupload/commons-fileupload/1.3.2/commons-fileupload-1.3.2.jar
7f50af913000-7f50af915000 r--s 0001b000 08:02 5379181                    /home/tyler/.m2/repository/cljsjs/jquery/2.2.4-0/jquery-2.2.4-0.jar
7f50af915000-7f50af917000 r--s 0000a000 08:02 5246035                    /home/tyler/.m2/repository/org/clojure/tools.reader/1.0.0-beta3/tools.reader-1.0.0-beta3.jar
7f50af917000-7f50af919000 r--s 00006000 08:02 5509032                    /home/tyler/.m2/repository/org/slf4j/slf4j-api/1.7.7/slf4j-api-1.7.7.jar
7f50af919000-7f50af91a000 r--s 00002000 08:02 5640834                    /home/tyler/.m2/repository/secretary/secretary/1.2.3/secretary-1.2.3.jar
7f50af91a000-7f50af91b000 r--s 00002000 08:02 5509068                    /home/tyler/.m2/repository/expiring-map/expiring-map/0.1.8/expiring-map-0.1.8.jar
7f50af91b000-7f50af91c000 r--s 00001000 08:02 3803153                    /home/tyler/.m2/repository/org/clojure/data.json/0.2.6/data.json-0.2.6.jar
7f50af91c000-7f50af923000 r--s 00049000 08:02 5245918                    /home/tyler/.m2/repository/org/apache/httpcomponents/httpcore/4.4.4/httpcore-4.4.4.jar
7f50af923000-7f50af92a000 r--s 00056000 08:02 3562792                    /home/tyler/.m2/repository/org/apache/commons/commons-compress/1.9/commons-compress-1.9.jar
7f50af92a000-7f50af92b000 r--s 00001000 08:02 5509026                    /home/tyler/.m2/repository/org/projectodd/wunderboss/wunderboss-clojure/0.12.2/wunderboss-clojure-0.12.2.jar
7f50af92b000-7f50af930000 r--s 0009f000 08:02 5640807                    /home/tyler/.m2/repository/org/webjars/bootstrap/4.0.0-alpha.5/bootstrap-4.0.0-alpha.5.jar
7f50af930000-7f50af931000 r--s 00004000 08:02 4859978                    /home/tyler/.m2/repository/org/clojure/tools.namespace/0.2.10/tools.namespace-0.2.10.jar
7f50af931000-7f50af936000 r--s 00030000 08:02 4594938                    /home/tyler/.m2/repository/org/ow2/asm/asm-all/4.2/asm-all-4.2.jar
7f50af936000-7f50af937000 r--s 00002000 08:02 5509036                    /home/tyler/.m2/repository/com/carouselapps/to-jdbc-uri/0.5.0/to-jdbc-uri-0.5.0.jar
7f50af937000-7f50af939000 r--s 00001000 08:02 5509053                    /home/tyler/.m2/repository/hoplon/javelin/3.8.4/javelin-3.8.4.jar
7f50af939000-7f50af93a000 r--s 00001000 08:02 5509034                    /home/tyler/.m2/repository/com/layerware/hugsql-adapter/0.4.7/hugsql-adapter-0.4.7.jar
7f50af93a000-7f50af93c000 r--s 0000c000 08:02 5640836                    /home/tyler/.m2/repository/selmer/selmer/1.10.7/selmer-1.10.7.jar
7f50af93c000-7f50af93d000 r--s 00008000 08:02 3934842                    /home/tyler/.m2/repository/org/clojure/tools.analyzer.jvm/0.7.0/tools.analyzer.jvm-0.7.0.jar
7f50af93d000-7f50af93e000 r--s 00004000 08:02 5640849                    /home/tyler/.m2/repository/com/stuartsierra/component/0.3.1/component-0.3.1.jar
7f50af93e000-7f50af940000 r--s 00007000 08:02 5509074                    /home/tyler/.m2/repository/metosin/muuntaja/0.2.1/muuntaja-0.2.1.jar
7f50af940000-7f50af94d000 r--s 000a6000 08:02 5245914                    /home/tyler/.m2/repository/org/apache/httpcomponents/httpclient/4.5.1/httpclient-4.5.1.jar
7f50af94d000-7f50af94f000 r--s 00001000 08:02 5770256                    /home/tyler/.m2/repository/net/cgrand/sjacket/0.1.1/sjacket-0.1.1.jar
7f50af94f000-7f50af951000 r--s 00003000 08:02 5640845                    /home/tyler/.m2/repository/binaryage/env-config/0.2.0/env-config-0.2.0.jar
7f50af951000-7f50af952000 r--s 00004000 08:02 5509022                    /home/tyler/.m2/repository/org/jboss/spec/javax/annotation/jboss-annotations-api_1.2_spec/1.0.0.Final/jboss-annotations-api_1.2_spec-1.0.0.Final.jar
7f50af952000-7f50af953000 r--s 00002000 08:02 5509047                    /home/tyler/.m2/repository/funcool/cuerdas/0.7.2/cuerdas-0.7.2.jar
7f50af953000-7f50af957000 r--s 00022000 08:02 5246018                    /home/tyler/.m2/repository/args4j/args4j/2.33/args4j-2.33.jar
7f50af957000-7f50af959000 r--s 00012000 08:02 5640853                    /home/tyler/.m2/repository/hawk/hawk/0.2.11/hawk-0.2.11.jar
7f50af959000-7f50af95a000 r--s 00003000 08:02 5115340                    /home/tyler/.m2/repository/compojure/compojure/1.6.0/compojure-1.6.0.jar
7f50af95a000-7f50af95b000 r--s 00001000 08:02 4195362                    /home/tyler/.m2/repository/org/clojure/tools.logging/0.3.1/tools.logging-0.3.1.jar
7f50af95b000-7f50af95d000 r--s 0000a000 08:02 3414348                    /home/tyler/.m2/repository/com/fasterxml/jackson/dataformat/jackson-dataformat-cbor/2.5.3/jackson-dataformat-cbor-2.5.3.jar
7f50af95d000-7f50af95e000 r--s 00001000 08:02 5640850                    /home/tyler/.m2/repository/com/stuartsierra/dependency/0.2.0/dependency-0.2.0.jar
7f50af95e000-7f50af960000 r--s 00013000 08:02 5640827                    /home/tyler/.m2/repository/clj-tuple/clj-tuple/0.2.2/clj-tuple-0.2.2.jar
7f50af960000-7f50af971000 r--s 00097000 08:02 5379167                    /home/tyler/.m2/repository/org/bouncycastle/bcpkix-jdk15on/1.56/bcpkix-jdk15on-1.56.jar
7f50af971000-7f50af973000 r--s 0000c000 08:02 5640844                    /home/tyler/.m2/repository/binaryage/devtools/0.9.4/devtools-0.9.4.jar
7f50af973000-7f50af974000 r--s 00002000 08:02 5379184                    /home/tyler/.m2/repository/conman/conman/0.6.3/conman-0.6.3.jar
7f50af974000-7f50af975000 r--s 00003000 08:02 3414019                    /home/tyler/.m2/repository/hiccup/hiccup/1.0.5/hiccup-1.0.5.jar
7f50af975000-7f50af977000 r--s 0000f000 08:02 5509043                    /home/tyler/.m2/repository/prismatic/schema/1.0.4/schema-1.0.4.jar
7f50af977000-7f50af978000 r--s 00005000 08:02 5245909                    /home/tyler/.m2/repository/com/googlecode/json-simple/json-simple/1.1.1/json-simple-1.1.1.jar
7f50af978000-7f50af97a000 r--s 000a7000 08:02 5640808                    /home/tyler/.m2/repository/org/webjars/font-awesome/4.7.0/font-awesome-4.7.0.jar
7f50af97a000-7f50af97c000 r--s 00002000 08:02 5379047                    /home/tyler/.m2/repository/simple-lein-profile-merge/simple-lein-profile-merge/0.1.4/simple-lein-profile-merge-0.1.4.jar
7f50af97c000-7f50af97d000 r--s 00007000 08:02 4459856                    /home/tyler/.m2/repository/com/cognitect/transit-js/0.8.846/transit-js-0.8.846.jar
7f50af97d000-7f50af97e000 r--s 00001000 08:02 4195376                    /home/tyler/.m2/repository/org/clojure/core.memoize/0.5.9/core.memoize-0.5.9.jar
7f50af97e000-7f50af980000 r--s 00001000 08:02 5509066                    /home/tyler/.m2/repository/luminus-nrepl/luminus-nrepl/0.1.4/luminus-nrepl-0.1.4.jar
7f50af980000-7f50af984000 r--s 00035000 08:02 5245905                    /home/tyler/.m2/repository/com/fasterxml/jackson/core/jackson-core/2.5.3/jackson-core-2.5.3.jar
7f50af984000-7f50af987000 r--s 0001a000 08:02 5509017                    /home/tyler/.m2/repository/org/jboss/xnio/xnio-nio/3.3.6.Final/xnio-nio-3.3.6.Final.jar
7f50af987000-7f50af988000 r--s 00001000 08:02 5509046                    /home/tyler/.m2/repository/funcool/struct/1.0.0/struct-1.0.0.jar
7f50af988000-7f50af98e000 r--s 00048000 08:02 3155371                    /home/tyler/.m2/repository/org/apache/commons/commons-lang3/3.1/commons-lang3-3.1.jar
7f50af98e000-7f50af997000 r--s 00076000 08:02 5509016                    /home/tyler/.m2/repository/org/jboss/xnio/xnio-api/3.3.6.Final/xnio-api-3.3.6.Final.jar
7f50af997000-7f50af9c6000 r--s 00226000 08:02 5246019                    /home/tyler/.m2/repository/com/google/guava/guava/20.0/guava-20.0.jar
7f50af9c6000-7f50af9c8000 r--s 00004000 08:02 5640826                    /home/tyler/.m2/repository/potemkin/potemkin/0.4.3/potemkin-0.4.3.jar
7f50af9c8000-7f50af9ca000 r--s 00001000 08:02 5379183                    /home/tyler/.m2/repository/com/layerware/hugsql/0.4.7/hugsql-0.4.7.jar
7f50af9ca000-7f50af9cb000 r--s 00000000 08:02 3282465                    /home/tyler/.m2/repository/crypto-equality/crypto-equality/1.0.0/crypto-equality-1.0.0.jar
7f50af9cb000-7f50af9cc000 r--s 00001000 08:02 3282499                    /home/tyler/.m2/repository/medley/medley/1.0.0/medley-1.0.0.jar
7f50af9cc000-7f50af9cd000 r--s 00001000 08:02 5379037                    /home/tyler/.m2/repository/karma-reporter/karma-reporter/0.1.0/karma-reporter-0.1.0.jar
7f50af9cd000-7f50af9cf000 r--s 00006000 08:02 5509007                    /home/tyler/.m2/repository/org/projectodd/wunderboss/wunderboss-web/0.12.2/wunderboss-web-0.12.2.jar
7f50af9cf000-7f50af9d0000 r--s 00003000 08:02 5509037                    /home/tyler/.m2/repository/hikari-cp/hikari-cp/1.7.5/hikari-cp-1.7.5.jar
7f50af9d0000-7f50af9d1000 r--s 00001000 08:02 5379173                    /home/tyler/.m2/repository/buddy/buddy/1.3.0/buddy-1.3.0.jar
7f50af9d1000-7f50af9d2000 r--s 00027000 08:02 5246020                    /home/tyler/.m2/repository/com/google/javascript/closure-compiler-externs/v20170409/closure-compiler-externs-v20170409.jar
7f50af9d2000-7f50af9d5000 r--s 0000a000 08:02 5509002                    /home/tyler/.m2/repository/org/projectodd/wunderboss/wunderboss-core/0.12.2/wunderboss-core-0.12.2.jar
7f50af9d5000-7f50af9d6000 r--s 00004000 08:02 5245927                    /home/tyler/.m2/repository/cljs-ajax/cljs-ajax/0.5.9/cljs-ajax-0.5.9.jar
7f50af9d6000-7f50af9d7000 r--s 00004000 08:02 5379175                    /home/tyler/.m2/repository/buddy/buddy-auth/1.4.0/buddy-auth-1.4.0.jar
7f50af9d7000-7f50af9d8000 r--s 00001000 08:02 5640829                    /home/tyler/.m2/repository/mount/mount/0.1.11/mount-0.1.11.jar
7f50af9d8000-7f50af9e7000 r--s 00130000 08:02 5246022                    /home/tyler/.m2/repository/com/google/protobuf/protobuf-java/3.0.2/protobuf-java-3.0.2.jar
7f50af9e7000-7f50af9e9000 r--s 000b6000 08:02 5246017                    /home/tyler/.m2/repository/org/clojure/clojurescript/1.9.521/clojurescript-1.9.521.jar
7f50af9e9000-7f50af9ea000 r--s 00001000 08:02 5640810                    /home/tyler/.m2/repository/org/webjars/webjars-locator-jboss-vfs/0.1.0/webjars-locator-jboss-vfs-0.1.0.jar
7f50af9ea000-7f50af9eb000 r--s 00000000 08:02 3803206                    /home/tyler/.m2/repository/org/clojure/java.classpath/0.2.3/java.classpath-0.2.3.jar
7f50af9eb000-7f50af9ed000 r--s 0000b000 08:02 5379169                    /home/tyler/.m2/repository/com/lambdaworks/scrypt/1.4.0/scrypt-1.4.0.jar
7f50af9ed000-7f50af9ee000 r--s 00002000 08:02 3027378                    /home/tyler/.m2/repository/clojure-complete/clojure-complete/0.2.4/clojure-complete-0.2.4.jar
7f50af9ee000-7f50af9f0000 r--s 00009000 08:02 5509009                    /home/tyler/.m2/repository/org/jboss/spec/javax/websocket/jboss-websocket-api_1.1_spec/1.1.0.Final/jboss-websocket-api_1.1_spec-1.1.0.Final.jar
7f50af9f0000-7f50af9f1000 r--s 00002000 08:02 4332895                    /home/tyler/.m2/repository/ring/ring-devel/1.5.1/ring-devel-1.5.1.jar
7f50af9f1000-7f50af9f2000 r--s 00003000 08:02 5770253                    /home/tyler/.m2/repository/net/cgrand/regex/1.1.0/regex-1.1.0.jar
7f50af9f2000-7f50afa22000 r--s 00541000 08:02 5246030                    /home/tyler/.m2/repository/org/clojure/google-closure-library/0.0-20160609-f42b4a24/google-closure-library-0.0-20160609-f42b4a24.jar
7f50afa22000-7f50afa23000 r--s 00009000 08:02 3027376                    /home/tyler/.m2/repository/org/clojure/tools.nrepl/0.2.12/tools.nrepl-0.2.12.jar
7f50afa23000-7f50afa25000 r--s 00008000 08:02 5509029                    /home/tyler/.m2/repository/net/jodah/expiringmap/0.5.8/expiringmap-0.5.8.jar
7f50afa25000-7f50afa27000 r--s 0004a000 08:02 4459876                    /home/tyler/.m2/repository/figwheel-sidecar/figwheel-sidecar/0.5.10/figwheel-sidecar-0.5.10.jar
7f50afa27000-7f50afa2b000 r--s 0002b000 08:02 5509010                    /home/tyler/.m2/repository/org/jboss/spec/javax/servlet/jboss-servlet-api_3.1_spec/1.0.0.Final/jboss-servlet-api_3.1_spec-1.0.0.Final.jar
7f50afa2b000-7f50afa2c000 r--s 00007000 08:02 4088663                    /home/tyler/.m2/repository/org/clojure/tools.analyzer/0.6.9/tools.analyzer-0.6.9.jar
7f50afa2c000-7f50afa2d000 r--s 00001000 08:02 5115367                    /home/tyler/.m2/repository/ring-cors/ring-cors/0.1.8/ring-cors-0.1.8.jar
7f50afa2d000-7f50afa30000 r--s 0001f000 08:02 5508998                    /home/tyler/.m2/repository/com/zaxxer/HikariCP/2.5.1/HikariCP-2.5.1.jar
7f50afa30000-7f50afa32000 r--s 00003000 08:02 5509064                    /home/tyler/.m2/repository/org/immutant/core/2.1.6/core-2.1.6.jar
7f50afa32000-7f50afa43000 r--s 0008a000 08:02 5640818                    /home/tyler/.m2/repository/joda-time/joda-time/2.9.6/joda-time-2.9.6.jar
7f50afa43000-7f50afa45000 r--s 00003000 08:02 5379045                    /home/tyler/.m2/repository/doo/doo/0.1.7/doo-0.1.7.jar
7f50afa45000-7f50afa4a000 r--s 0004d000 08:02 5640803                    /home/tyler/.m2/repository/org/webjars/bower/tether/1.4.0/tether-1.4.0.jar
7f50afa4a000-7f50afa4e000 r--s 00025000 08:02 5509023                    /home/tyler/.m2/repository/io/undertow/undertow-websockets-jsr/1.3.23.Final/undertow-websockets-jsr-1.3.23.Final.jar
7f50afa4e000-7f50afa4f000 r--s 00001000 08:02 5115335                    /home/tyler/.m2/repository/ring/ring-ssl/0.3.0/ring-ssl-0.3.0.jar
7f50afa4f000-7f50afa51000 r--s 00004000 08:02 5640825                    /home/tyler/.m2/repository/metosin/ring-http-response/0.8.2/ring-http-response-0.8.2.jar
7f50afa51000-7f50afa52000 r--s 00005000 08:02 5509069                    /home/tyler/.m2/repository/markdown-clj/markdown-clj/0.9.99/markdown-clj-0.9.99.jar
7f50afa52000-7f50afa53000 r--s 00003000 08:02 4594936                    /home/tyler/.m2/repository/org/clojure/tools.cli/0.3.5/tools.cli-0.3.5.jar
7f50afa53000-7f50afa58000 r--s 00034000 08:02 5246024                    /home/tyler/.m2/repository/com/google/code/gson/gson/2.7/gson-2.7.jar
7f50afa58000-7f50afa5a000 r--s 00001000 08:02 5509057                    /home/tyler/.m2/repository/luminus-immutant/luminus-immutant/0.2.3/luminus-immutant-0.2.3.jar
7f50afa5a000-7f50afa5c000 r--s 00002000 08:02 5640815                    /home/tyler/.m2/repository/org/webjars/webjars-locator/0.27/webjars-locator-0.27.jar
7f50afa5c000-7f50afa5d000 r--s 00001000 08:02 5115338                    /home/tyler/.m2/repository/ring/ring-headers/0.3.0/ring-headers-0.3.0.jar
7f50afa5d000-7f50afa5f000 r--s 00011000 08:02 5245904                    /home/tyler/.m2/repository/com/fasterxml/jackson/dataformat/jackson-dataformat-smile/2.5.3/jackson-dataformat-smile-2.5.3.jar
7f50afa5f000-7f50afa60000 r--s 00001000 08:02 3028673                    /home/tyler/.m2/repository/ring/ring-codec/1.0.1/ring-codec-1.0.1.jar
7f50afa60000-7f50afa61000 r--s 00001000 08:02 4332873                    /home/tyler/.m2/repository/com/cognitect/transit-cljs/0.8.239/transit-cljs-0.8.239.jar
7f50afa61000-7f50afa62000 r--s 00053000 08:02 5640840                    /home/tyler/.m2/repository/prone/prone/1.1.4/prone-1.1.4.jar
7f50afa62000-7f50afa63000 r--s 00001000 08:02 3414020                    /home/tyler/.m2/repository/ring/ring-mock/0.3.0/ring-mock-0.3.0.jar
7f50afa63000-7f50afa65000 r--s 00001000 08:02 5509035                    /home/tyler/.m2/repository/com/layerware/hugsql-adapter-clojure-java-jdbc/0.4.7/hugsql-adapter-clojure-java-jdbc-0.4.7.jar
7f50afa65000-7f50afa66000 r--s 00001000 08:02 3934822                    /home/tyler/.m2/repository/com/cognitect/transit-clj/0.8.285/transit-clj-0.8.285.jar
7f50afa66000-7f50afa8d000 r--s 001e3000 08:02 5509014                    /home/tyler/.m2/repository/io/undertow/undertow-core/1.3.23.Final/undertow-core-1.3.23.Final.jar
7f50afa8d000-7f50afa8f000 r--s 0000d000 08:02 3562794                    /home/tyler/.m2/repository/org/clojure/core.async/0.3.442/core.async-0.3.442.jar
7f50afa8f000-7f50afa90000 r--s 00005000 08:02 5246172                    /home/tyler/.m2/repository/figwheel/figwheel/0.5.10/figwheel-0.5.10.jar
7f50afa90000-7f50afa91000 r--s 00008000 08:02 5379185                    /home/tyler/.m2/repository/buddy/buddy-hashers/1.2.0/buddy-hashers-1.2.0.jar
7f50afa91000-7f50afa92000 r--s 00001000 08:02 5115337                    /home/tyler/.m2/repository/ring/ring-anti-forgery/1.1.0/ring-anti-forgery-1.1.0.jar
7f50afa92000-7f50afa98000 r--s 0003f000 08:02 5509001                    /home/tyler/.m2/repository/ch/qos/logback/logback-classic/1.1.3/logback-classic-1.1.3.jar
7f50afa98000-7f50afa9f000 r--s 00050000 08:02 5245916                    /home/tyler/.m2/repository/org/apache/httpcomponents/httpcore-nio/4.4.4/httpcore-nio-4.4.4.jar
7f50afa9f000-7f50afc9f000 rw-p 00000000 00:00 0 
7f50afc9f000-7f50afce2000 r--s 00332000 08:02 2889957                    /home/tyler/.m2/repository/org/clojure/clojure/1.8.0/clojure-1.8.0.jar
7f50afce2000-7f50afcfd000 r--s 00394000 08:02 2888162                    /usr/lib/jvm/java-8-openjdk-amd64/jre/lib/ext/cldrdata.jar
7f50afcfd000-7f50afcfe000 ---p 00000000 00:00 0 
7f50afcfe000-7f50afdfe000 rw-p 00000000 00:00 0 
7f50afdfe000-7f50afe01000 ---p 00000000 00:00 0 
7f50afe01000-7f50afeff000 rw-p 00000000 00:00 0 
7f50afeff000-7f50aff02000 ---p 00000000 00:00 0 
7f50aff02000-7f50b0000000 rw-p 00000000 00:00 0 
7f50b0000000-7f50b0021000 rw-p 00000000 00:00 0 
7f50b0021000-7f50b4000000 ---p 00000000 00:00 0 
7f50b4000000-7f50b4001000 r--s 00003000 08:02 5246113                    /home/tyler/.m2/repository/hiccups/hiccups/0.3.0/hiccups-0.3.0.jar
7f50b4001000-7f50b4002000 r--s 00001000 08:02 3028654                    /home/tyler/.m2/repository/org/clojure/tools.macro/0.1.5/tools.macro-0.1.5.jar
7f50b4002000-7f50b4003000 r--s 00003000 08:02 4088661                    /home/tyler/.m2/repository/org/clojure/java.jdbc/0.6.1/java.jdbc-0.6.1.jar
7f50b4003000-7f50b4006000 r--s 0000b000 08:02 5115363                    /home/tyler/.m2/repository/com/fasterxml/jackson/core/jackson-annotations/2.8.0/jackson-annotations-2.8.0.jar
7f50b4006000-7f50b4009000 r--s 000cf000 08:02 5640823                    /home/tyler/.m2/repository/net/java/dev/jna/jna/3.2.2/jna-3.2.2.jar
7f50b4009000-7f50b400d000 r--s 0002f000 08:02 3028657                    /home/tyler/.m2/repository/commons-io/commons-io/2.5/commons-io-2.5.jar
7f50b400d000-7f50b4028000 r--s 001d6000 08:02 2888159                    /usr/lib/jvm/java-8-openjdk-amd64/jre/lib/ext/nashorn.jar
7f50b4028000-7f50b402b000 ---p 00000000 00:00 0 
7f50b402b000-7f50b4129000 rw-p 00000000 00:00 0 
7f50b4129000-7f50b412c000 ---p 00000000 00:00 0 
7f50b412c000-7f50b422a000 rw-p 00000000 00:00 0 
7f50b422a000-7f50b422d000 ---p 00000000 00:00 0 
7f50b422d000-7f50b432b000 rw-p 00000000 00:00 0 
7f50b432b000-7f50b577b000 r--p 00000000 08:02 2622908                    /usr/lib/locale/locale-archive
7f50b577b000-7f50b577e000 ---p 00000000 00:00 0 
7f50b577e000-7f50b587c000 rw-p 00000000 00:00 0 
7f50b587c000-7f50b587f000 ---p 00000000 00:00 0 
7f50b587f000-7f50b597d000 rw-p 00000000 00:00 0 
7f50b597d000-7f50b597e000 ---p 00000000 00:00 0 
7f50b597e000-7f50b6a5e000 rw-p 00000000 00:00 0 
7f50b6a5e000-7f50b6c2c000 r--s 03c06000 08:02 2888173                    /usr/lib/jvm/java-8-openjdk-amd64/jre/lib/rt.jar
7f50b6c2c000-7f50b7a71000 rw-p 00000000 00:00 0 
7f50b7a71000-7f50b7a72000 ---p 00000000 00:00 0 
7f50b7a72000-7f50b7b72000 rw-p 00000000 00:00 0 
7f50b7b72000-7f50b7b73000 ---p 00000000 00:00 0 
7f50b7b73000-7f50b7c73000 rw-p 00000000 00:00 0 
7f50b7c73000-7f50b7c74000 ---p 00000000 00:00 0 
7f50b7c74000-7f50b7d74000 rw-p 00000000 00:00 0 
7f50b7d74000-7f50b7d75000 ---p 00000000 00:00 0 
7f50b7d75000-7f50b7ead000 rw-p 00000000 00:00 0 
7f50b7ead000-7f50b8255000 ---p 00000000 00:00 0 
7f50b8255000-7f50b828d000 rw-p 00000000 00:00 0 
7f50b828d000-7f50b8634000 ---p 00000000 00:00 0 
7f50b8634000-7f50b87dd000 rw-p 00000000 00:00 0 
7f50b87dd000-7f50b8824000 ---p 00000000 00:00 0 
7f50b8824000-7f50b8874000 rw-p 00000000 00:00 0 
7f50b8874000-7f50b8be5000 ---p 00000000 00:00 0 
7f50b8be5000-7f50b9f85000 rwxp 00000000 00:00 0 
7f50b9f85000-7f50c7be5000 ---p 00000000 00:00 0 
7f50c7be5000-7f50c7bed000 r-xp 00000000 08:02 2888118                    /usr/lib/jvm/java-8-openjdk-amd64/jre/lib/amd64/libzip.so
7f50c7bed000-7f50c7dec000 ---p 00008000 08:02 2888118                    /usr/lib/jvm/java-8-openjdk-amd64/jre/lib/amd64/libzip.so
7f50c7dec000-7f50c7ded000 r--p 00007000 08:02 2888118                    /usr/lib/jvm/java-8-openjdk-amd64/jre/lib/amd64/libzip.so
7f50c7ded000-7f50c7dee000 rw-p 00008000 08:02 2888118                    /usr/lib/jvm/java-8-openjdk-amd64/jre/lib/amd64/libzip.so
7f50c7dee000-7f50c7df9000 r-xp 00000000 08:02 131163                     /lib/x86_64-linux-gnu/libnss_files-2.23.so
7f50c7df9000-7f50c7ff8000 ---p 0000b000 08:02 131163                     /lib/x86_64-linux-gnu/libnss_files-2.23.so
7f50c7ff8000-7f50c7ff9000 r--p 0000a000 08:02 131163                     /lib/x86_64-linux-gnu/libnss_files-2.23.so
7f50c7ff9000-7f50c7ffa000 rw-p 0000b000 08:02 131163                     /lib/x86_64-linux-gnu/libnss_files-2.23.so
7f50c7ffa000-7f50c8000000 rw-p 00000000 00:00 0 
7f50c8000000-7f50ca1cd000 rw-p 00000000 00:00 0 
7f50ca1cd000-7f50cc000000 ---p 00000000 00:00 0 
7f50cc000000-7f50cc001000 r--s 00001000 08:02 5509045                    /home/tyler/.m2/repository/cprop/cprop/0.1.10/cprop-0.1.10.jar
7f50cc001000-7f50cc002000 r--s 00001000 08:02 3414313                    /home/tyler/.m2/repository/tigris/tigris/0.1.1/tigris-0.1.1.jar
7f50cc002000-7f50cc003000 r--s 00004000 08:02 5379191                    /home/tyler/.m2/repository/com/layerware/hugsql-core/0.4.7/hugsql-core-0.4.7.jar
7f50cc003000-7f50cc004000 r--s 00001000 08:02 5245925                    /home/tyler/.m2/repository/net/colourcoding/poppea/0.2.1/poppea-0.2.1.jar
7f50cc004000-7f50cc006000 r--s 00006000 08:02 5379174                    /home/tyler/.m2/repository/buddy/buddy-core/1.2.0/buddy-core-1.2.0.jar
7f50cc006000-7f50cc008000 r--s 0000c000 08:02 3028672                    /home/tyler/.m2/repository/instaparse/instaparse/1.4.0/instaparse-1.4.0.jar
7f50cc008000-7f50cc00a000 r--s 00001000 08:02 5509065                    /home/tyler/.m2/repository/luminus-migrations/luminus-migrations/0.3.3/luminus-migrations-0.3.3.jar
7f50cc00a000-7f50cc00c000 r--s 00004000 08:02 3155342                    /home/tyler/.m2/repository/clj-time/clj-time/0.11.0/clj-time-0.11.0.jar
7f50cc00c000-7f50cc016000 r--s 00116000 08:02 2888165                    /usr/lib/jvm/java-8-openjdk-amd64/jre/lib/ext/localedata.jar
7f50cc016000-7f50cc01b000 r--s 0003b000 08:02 2888166                    /usr/lib/jvm/java-8-openjdk-amd64/jre/lib/ext/sunjce_provider.jar
7f50cc01b000-7f50cc026000 r-xp 00000000 08:02 131156                     /lib/x86_64-linux-gnu/libnss_nis-2.23.so
7f50cc026000-7f50cc225000 ---p 0000b000 08:02 131156                     /lib/x86_64-linux-gnu/libnss_nis-2.23.so
7f50cc225000-7f50cc226000 r--p 0000a000 08:02 131156                     /lib/x86_64-linux-gnu/libnss_nis-2.23.so
7f50cc226000-7f50cc227000 rw-p 0000b000 08:02 131156                     /lib/x86_64-linux-gnu/libnss_nis-2.23.so
7f50cc227000-7f50cc23d000 r-xp 00000000 08:02 131158                     /lib/x86_64-linux-gnu/libnsl-2.23.so
7f50cc23d000-7f50cc43c000 ---p 00016000 08:02 131158                     /lib/x86_64-linux-gnu/libnsl-2.23.so
7f50cc43c000-7f50cc43d000 r--p 00015000 08:02 131158                     /lib/x86_64-linux-gnu/libnsl-2.23.so
7f50cc43d000-7f50cc43e000 rw-p 00016000 08:02 131158                     /lib/x86_64-linux-gnu/libnsl-2.23.so
7f50cc43e000-7f50cc440000 rw-p 00000000 00:00 0 
7f50cc440000-7f50cc448000 r-xp 00000000 08:02 131165                     /lib/x86_64-linux-gnu/libnss_compat-2.23.so
7f50cc448000-7f50cc647000 ---p 00008000 08:02 131165                     /lib/x86_64-linux-gnu/libnss_compat-2.23.so
7f50cc647000-7f50cc648000 r--p 00007000 08:02 131165                     /lib/x86_64-linux-gnu/libnss_compat-2.23.so
7f50cc648000-7f50cc649000 rw-p 00008000 08:02 131165                     /lib/x86_64-linux-gnu/libnss_compat-2.23.so
7f50cc649000-7f50cc676000 r-xp 00000000 08:02 2888145                    /usr/lib/jvm/java-8-openjdk-amd64/jre/lib/amd64/libjava.so
7f50cc676000-7f50cc875000 ---p 0002d000 08:02 2888145                    /usr/lib/jvm/java-8-openjdk-amd64/jre/lib/amd64/libjava.so
7f50cc875000-7f50cc876000 r--p 0002c000 08:02 2888145                    /usr/lib/jvm/java-8-openjdk-amd64/jre/lib/amd64/libjava.so
7f50cc876000-7f50cc878000 rw-p 0002d000 08:02 2888145                    /usr/lib/jvm/java-8-openjdk-amd64/jre/lib/amd64/libjava.so
7f50cc878000-7f50cc887000 r-xp 00000000 08:02 2888111                    /usr/lib/jvm/java-8-openjdk-amd64/jre/lib/amd64/libverify.so
7f50cc887000-7f50cca86000 ---p 0000f000 08:02 2888111                    /usr/lib/jvm/java-8-openjdk-amd64/jre/lib/amd64/libverify.so
7f50cca86000-7f50cca88000 r--p 0000e000 08:02 2888111                    /usr/lib/jvm/java-8-openjdk-amd64/jre/lib/amd64/libverify.so
7f50cca88000-7f50cca89000 rw-p 00010000 08:02 2888111                    /usr/lib/jvm/java-8-openjdk-amd64/jre/lib/amd64/libverify.so
7f50cca89000-7f50cca90000 r-xp 00000000 08:02 131166                     /lib/x86_64-linux-gnu/librt-2.23.so
7f50cca90000-7f50ccc8f000 ---p 00007000 08:02 131166                     /lib/x86_64-linux-gnu/librt-2.23.so
7f50ccc8f000-7f50ccc90000 r--p 00006000 08:02 131166                     /lib/x86_64-linux-gnu/librt-2.23.so
7f50ccc90000-7f50ccc91000 rw-p 00007000 08:02 131166                     /lib/x86_64-linux-gnu/librt-2.23.so
7f50ccc91000-7f50ccca7000 r-xp 00000000 08:02 135592                     /lib/x86_64-linux-gnu/libgcc_s.so.1
7f50ccca7000-7f50ccea6000 ---p 00016000 08:02 135592                     /lib/x86_64-linux-gnu/libgcc_s.so.1
7f50ccea6000-7f50ccea7000 rw-p 00015000 08:02 135592                     /lib/x86_64-linux-gnu/libgcc_s.so.1
7f50ccea7000-7f50ccfaf000 r-xp 00000000 08:02 131157                     /lib/x86_64-linux-gnu/libm-2.23.so
7f50ccfaf000-7f50cd1ae000 ---p 00108000 08:02 131157                     /lib/x86_64-linux-gnu/libm-2.23.so
7f50cd1ae000-7f50cd1af000 r--p 00107000 08:02 131157                     /lib/x86_64-linux-gnu/libm-2.23.so
7f50cd1af000-7f50cd1b0000 rw-p 00108000 08:02 131157                     /lib/x86_64-linux-gnu/libm-2.23.so
7f50cd1b0000-7f50cd322000 r-xp 00000000 08:02 2623422                    /usr/lib/x86_64-linux-gnu/libstdc++.so.6.0.21
7f50cd322000-7f50cd522000 ---p 00172000 08:02 2623422                    /usr/lib/x86_64-linux-gnu/libstdc++.so.6.0.21
7f50cd522000-7f50cd52c000 r--p 00172000 08:02 2623422                    /usr/lib/x86_64-linux-gnu/libstdc++.so.6.0.21
7f50cd52c000-7f50cd52e000 rw-p 0017c000 08:02 2623422                    /usr/lib/x86_64-linux-gnu/libstdc++.so.6.0.21
7f50cd52e000-7f50cd532000 rw-p 00000000 00:00 0 
7f50cd532000-7f50ce182000 r-xp 00000000 08:02 2888140                    /usr/lib/jvm/java-8-openjdk-amd64/jre/lib/amd64/server/libjvm.so
7f50ce182000-7f50ce381000 ---p 00c50000 08:02 2888140                    /usr/lib/jvm/java-8-openjdk-amd64/jre/lib/amd64/server/libjvm.so
7f50ce381000-7f50ce414000 r--p 00c4f000 08:02 2888140                    /usr/lib/jvm/java-8-openjdk-amd64/jre/lib/amd64/server/libjvm.so
7f50ce414000-7f50ce43d000 rw-p 00ce2000 08:02 2888140                    /usr/lib/jvm/java-8-openjdk-amd64/jre/lib/amd64/server/libjvm.so
7f50ce43d000-7f50ce46d000 rw-p 00000000 00:00 0 
7f50ce46d000-7f50ce485000 r-xp 00000000 08:02 131170                     /lib/x86_64-linux-gnu/libpthread-2.23.so
7f50ce485000-7f50ce684000 ---p 00018000 08:02 131170                     /lib/x86_64-linux-gnu/libpthread-2.23.so
7f50ce684000-7f50ce685000 r--p 00017000 08:02 131170                     /lib/x86_64-linux-gnu/libpthread-2.23.so
7f50ce685000-7f50ce686000 rw-p 00018000 08:02 131170                     /lib/x86_64-linux-gnu/libpthread-2.23.so
7f50ce686000-7f50ce68a000 rw-p 00000000 00:00 0 
7f50ce68a000-7f50ce68d000 r-xp 00000000 08:02 131155                     /lib/x86_64-linux-gnu/libdl-2.23.so
7f50ce68d000-7f50ce88c000 ---p 00003000 08:02 131155                     /lib/x86_64-linux-gnu/libdl-2.23.so
7f50ce88c000-7f50ce88d000 r--p 00002000 08:02 131155                     /lib/x86_64-linux-gnu/libdl-2.23.so
7f50ce88d000-7f50ce88e000 rw-p 00003000 08:02 131155                     /lib/x86_64-linux-gnu/libdl-2.23.so
7f50ce88e000-7f50ce8a7000 r-xp 00000000 08:02 135744                     /lib/x86_64-linux-gnu/libz.so.1.2.8
7f50ce8a7000-7f50ceaa6000 ---p 00019000 08:02 135744                     /lib/x86_64-linux-gnu/libz.so.1.2.8
7f50ceaa6000-7f50ceaa7000 r--p 00018000 08:02 135744                     /lib/x86_64-linux-gnu/libz.so.1.2.8
7f50ceaa7000-7f50ceaa8000 rw-p 00019000 08:02 135744                     /lib/x86_64-linux-gnu/libz.so.1.2.8
7f50ceaa8000-7f50cec67000 r-xp 00000000 08:02 131159                     /lib/x86_64-linux-gnu/libc-2.23.so
7f50cec67000-7f50cee67000 ---p 001bf000 08:02 131159                     /lib/x86_64-linux-gnu/libc-2.23.so
7f50cee67000-7f50cee6b000 r--p 001bf000 08:02 131159                     /lib/x86_64-linux-gnu/libc-2.23.so
7f50cee6b000-7f50cee6d000 rw-p 001c3000 08:02 131159                     /lib/x86_64-linux-gnu/libc-2.23.so
7f50cee6d000-7f50cee71000 rw-p 00000000 00:00 0 
7f50cee71000-7f50cee7e000 r-xp 00000000 08:02 2888134                    /usr/lib/jvm/java-8-openjdk-amd64/jre/lib/amd64/jli/libjli.so
7f50cee7e000-7f50cf07e000 ---p 0000d000 08:02 2888134                    /usr/lib/jvm/java-8-openjdk-amd64/jre/lib/amd64/jli/libjli.so
7f50cf07e000-7f50cf07f000 r--p 0000d000 08:02 2888134                    /usr/lib/jvm/java-8-openjdk-amd64/jre/lib/amd64/jli/libjli.so
7f50cf07f000-7f50cf080000 rw-p 0000e000 08:02 2888134                    /usr/lib/jvm/java-8-openjdk-amd64/jre/lib/amd64/jli/libjli.so
7f50cf080000-7f50cf0a6000 r-xp 00000000 08:02 131160                     /lib/x86_64-linux-gnu/ld-2.23.so
7f50cf0a6000-7f50cf0a7000 r--s 00001000 08:02 5509042                    /home/tyler/.m2/repository/org/tobereplaced/lettercase/1.0.0/lettercase-1.0.0.jar
7f50cf0a7000-7f50cf0a9000 r--s 00001000 08:02 2888160                    /usr/lib/jvm/java-8-openjdk-amd64/jre/lib/ext/dnsns.jar
7f50cf0a9000-7f50cf0aa000 r--s 0000a000 08:02 2888167                    /usr/lib/jvm/java-8-openjdk-amd64/jre/lib/ext/jaccess.jar
7f50cf0aa000-7f50cf189000 rw-p 00000000 00:00 0 
7f50cf189000-7f50cf18c000 ---p 00000000 00:00 0 
7f50cf18c000-7f50cf28f000 rw-p 00000000 00:00 0 
7f50cf28f000-7f50cf293000 r--s 00037000 08:02 2888164                    /usr/lib/jvm/java-8-openjdk-amd64/jre/lib/ext/sunpkcs11.jar
7f50cf293000-7f50cf294000 r--s 00010000 08:02 2888163                    /usr/lib/jvm/java-8-openjdk-amd64/jre/lib/ext/zipfs.jar
7f50cf294000-7f50cf297000 r--s 0000f000 08:02 2888161                    /usr/lib/jvm/java-8-openjdk-amd64/jre/lib/ext/icedtea-sound.jar
7f50cf297000-7f50cf299000 r--s 00008000 08:02 2888158                    /usr/lib/jvm/java-8-openjdk-amd64/jre/lib/ext/sunec.jar
7f50cf299000-7f50cf2a1000 rw-s 00000000 08:02 12583994                   /tmp/hsperfdata_tyler/26406
7f50cf2a1000-7f50cf2a2000 rw-p 00000000 00:00 0 
7f50cf2a2000-7f50cf2a3000 r--p 00000000 00:00 0 
7f50cf2a3000-7f50cf2a5000 rw-p 00000000 00:00 0 
7f50cf2a5000-7f50cf2a6000 r--p 00025000 08:02 131160                     /lib/x86_64-linux-gnu/ld-2.23.so
7f50cf2a6000-7f50cf2a7000 rw-p 00026000 08:02 131160                     /lib/x86_64-linux-gnu/ld-2.23.so
7f50cf2a7000-7f50cf2a8000 rw-p 00000000 00:00 0 
7ffd856dd000-7ffd85702000 rw-p 00000000 00:00 0                          [stack]
7ffd8570f000-7ffd85711000 r--p 00000000 00:00 0                          [vvar]
7ffd85711000-7ffd85713000 r-xp 00000000 00:00 0                          [vdso]
ffffffffff600000-ffffffffff601000 r-xp 00000000 00:00 0                  [vsyscall]

VM Arguments:
jvm_args: -Dfile.encoding=UTF-8 -Dconf=.lein-env -Dclojure.compile.path=/home/tyler/Repositories/mine/webapp/target/base+system+user+dev+dev/classes -Dwebapp.version=0.1.0-SNAPSHOT -Dclojure.debug=false 
java_command: clojure.main -i /tmp/form-init4201328425296680252.clj
java_class_path (initial): /home/tyler/Repositories/mine/webapp/test/clj:/home/tyler/Repositories/mine/webapp/env/dev/clj:/home/tyler/Repositories/mine/webapp/src/clj:/home/tyler/Repositories/mine/webapp/src/cljc:/home/tyler/Repositories/mine/webapp/env/dev/resources:/home/tyler/Repositories/mine/webapp/dev-resources:/home/tyler/Repositories/mine/webapp/resources:/home/tyler/Repositories/mine/webapp/target/cljsbuild:/home/tyler/Repositories/mine/webapp/target/base+system+user+dev+dev/classes:/home/tyler/.m2/repository/clj-time/clj-time/0.11.0/clj-time-0.11.0.jar:/home/tyler/.m2/repository/org/tobereplaced/lettercase/1.0.0/lettercase-1.0.0.jar:/home/tyler/.m2/repository/org/clojure/clojure/1.8.0/clojure-1.8.0.jar:/home/tyler/.m2/repository/luminus-migrations/luminus-migrations/0.3.3/luminus-migrations-0.3.3.jar:/home/tyler/.m2/repository/instaparse/instaparse/1.4.0/instaparse-1.4.0.jar:/home/tyler/.m2/repository/buddy/buddy-core/1.2.0/buddy-core-1.2.0.jar:/home/tyler/.m2/repository/net/colourcoding/poppea/0.2.1/poppea-0.2.1.jar:/home/tyler/.m2/repository/com/layerware/hugsql-core/0.4.7/hugsql-core-0.4.7.jar:/home/tyler/.m2/repository/tigris/tigris/0.1.1/tigris-0.1.1.jar:/home/tyler/.m2/repository/commons-io/commons-io/2.5/commons-io-2.5.jar:/home/tyler/.m2/repository/net/java/dev/jna/jna/3.2.2/jna-3.2.2.jar:/home/tyler/.m2/repository/cprop/cprop/0.1.10/cprop-0.1.10.jar:/home/tyler/.m2/repository/org/apache/httpcomponents/httpcore-nio/4.4.4/httpcore-nio-4.4.4.jar:/home/tyler/.m2/repository/com/fasterxml/jackson/core/jackson-annotations/2.8.0/jackson-annotations-2.8.0.jar:/home/tyler/.m2/repository/org/clojure/java.jdbc/0.6.1/java.jdbc-0.6.1.jar:/home/tyler/.m2/repository/org/clojure/tools.macro/0.1.5/tools.macro-0.1.5.jar:/home/tyler/.m2/repository/ch/qos/logback/logback-classic/1.1.3/logback-classic-1.1.3.jar:/home/tyler/.m2/repository/hiccups/hiccups/0.3.0/hiccups-0.3.0.jar:/home/tyler/.m2/repository/ring/ring-anti-forgery/1.1.0/ring-anti-forgery-1.1.0.jar:/home/t
Launcher Type: SUN_STANDARD

Environment Variables:
CLASSPATH=/home/tyler/.lein/self-installs/leiningen-2.7.1-standalone.jar
PATH=/home/tyler/bin:/home/tyler/.local/bin:/usr/local/sbin:/usr/local/bin:/usr/sbin:/usr/bin:/sbin:/bin:/usr/games:/usr/local/games
SHELL=/bin/bash
DISPLAY=:0

Signal Handlers:
SIGSEGV: [libjvm.so+0xa66fd0], sa_mask[0]=11111111011111111101111111111110, sa_flags=SA_RESTART|SA_SIGINFO
SIGBUS: [libjvm.so+0xa66fd0], sa_mask[0]=11111111011111111101111111111110, sa_flags=SA_RESTART|SA_SIGINFO
SIGFPE: [libjvm.so+0x8b0180], sa_mask[0]=11111111011111111101111111111110, sa_flags=SA_RESTART|SA_SIGINFO
SIGPIPE: [libjvm.so+0x8b0180], sa_mask[0]=11111111011111111101111111111110, sa_flags=SA_RESTART|SA_SIGINFO
SIGXFSZ: [libjvm.so+0x8b0180], sa_mask[0]=11111111011111111101111111111110, sa_flags=SA_RESTART|SA_SIGINFO
SIGILL: [libjvm.so+0x8b0180], sa_mask[0]=11111111011111111101111111111110, sa_flags=SA_RESTART|SA_SIGINFO
SIGUSR1: SIG_DFL, sa_mask[0]=00000000000000000000000000000000, sa_flags=none
SIGUSR2: [libjvm.so+0x8b0030], sa_mask[0]=00100000000000000000000000000000, sa_flags=SA_RESTART|SA_SIGINFO
SIGHUP: [libjvm.so+0x8b0500], sa_mask[0]=11111111011111111101111111111110, sa_flags=SA_RESTART|SA_SIGINFO
SIGINT: [libjvm.so+0x8b0500], sa_mask[0]=11111111011111111101111111111110, sa_flags=SA_RESTART|SA_SIGINFO
SIGTERM: [libjvm.so+0x8b0500], sa_mask[0]=11111111011111111101111111111110, sa_flags=SA_RESTART|SA_SIGINFO
SIGQUIT: [libjvm.so+0x8b0500], sa_mask[0]=11111111011111111101111111111110, sa_flags=SA_RESTART|SA_SIGINFO


---------------  S Y S T E M  ---------------

OS:DISTRIB_ID="elementary"
DISTRIB_RELEASE=0.4
DISTRIB_CODENAME=loki
DISTRIB_DESCRIPTION="elementary OS 0.4 Loki"

uname:Linux 4.4.0-77-generic #98-Ubuntu SMP Wed Apr 26 08:34:02 UTC 2017 x86_64
libc:glibc 2.23 NPTL 2.23 
rlimit: STACK 8192k, CORE 0k, NPROC 47036, NOFILE 65536, AS infinity
load average:1.06 0.30 0.22

/proc/meminfo:
MemTotal:       12180004 kB
MemFree:          215664 kB
MemAvailable:    4498652 kB
Buffers:          277780 kB
Cached:          5243208 kB
SwapCached:           28 kB
Active:          7807976 kB
Inactive:        3412860 kB
Active(anon):    5702572 kB
Inactive(anon):  1442980 kB
Active(file):    2105404 kB
Inactive(file):  1969880 kB
Unevictable:          48 kB
Mlocked:              48 kB
SwapTotal:      15637500 kB
SwapFree:       15637276 kB
Dirty:                40 kB
Writeback:             0 kB
AnonPages:       5700044 kB
Mapped:           945380 kB
Shmem:           1445704 kB
Slab:             582516 kB
SReclaimable:     528712 kB
SUnreclaim:        53804 kB
KernelStack:       13264 kB
PageTables:        54632 kB
NFS_Unstable:          0 kB
Bounce:                0 kB
WritebackTmp:          0 kB
CommitLimit:    21727500 kB
Committed_AS:   14357292 kB
VmallocTotal:   34359738367 kB
VmallocUsed:           0 kB
VmallocChunk:          0 kB
HardwareCorrupted:     0 kB
AnonHugePages:   3477504 kB
CmaTotal:              0 kB
CmaFree:               0 kB
HugePages_Total:       0
HugePages_Free:        0
HugePages_Rsvd:        0
HugePages_Surp:        0
Hugepagesize:       2048 kB
DirectMap4k:      222776 kB
DirectMap2M:     9091072 kB
DirectMap1G:     3145728 kB


CPU:total 4 (2 cores per cpu, 2 threads per core) family 6 model 61 stepping 4, cmov, cx8, fxsr, mmx, sse, sse2, sse3, ssse3, sse4.1, sse4.2, popcnt, avx, avx2, aes, clmul, erms, 3dnowpref, lzcnt, ht, tsc, tscinvbit, bmi1, bmi2, adx

/proc/cpuinfo:
processor	: 0
vendor_id	: GenuineIntel
cpu family	: 6
model		: 61
model name	: Intel(R) Core(TM) i5-5200U CPU @ 2.20GHz
stepping	: 4
microcode	: 0x21
cpu MHz		: 2499.921
cache size	: 3072 KB
physical id	: 0
siblings	: 4
core id		: 0
cpu cores	: 2
apicid		: 0
initial apicid	: 0
fpu		: yes
fpu_exception	: yes
cpuid level	: 20
wp		: yes
flags		: fpu vme de pse tsc msr pae mce cx8 apic sep mtrr pge mca cmov pat pse36 clflush dts acpi mmx fxsr sse sse2 ss ht tm pbe syscall nx pdpe1gb rdtscp lm constant_tsc arch_perfmon pebs bts rep_good nopl xtopology nonstop_tsc aperfmperf eagerfpu pni pclmulqdq dtes64 monitor ds_cpl vmx est tm2 ssse3 sdbg fma cx16 xtpr pdcm pcid sse4_1 sse4_2 x2apic movbe popcnt tsc_deadline_timer aes xsave avx f16c rdrand lahf_lm abm 3dnowprefetch epb intel_pt tpr_shadow vnmi flexpriority ept vpid fsgsbase tsc_adjust bmi1 avx2 smep bmi2 erms invpcid rdseed adx smap xsaveopt dtherm ida arat pln pts
bugs		:
bogomips	: 4389.99
clflush size	: 64
cache_alignment	: 64
address sizes	: 39 bits physical, 48 bits virtual
power management:

processor	: 1
vendor_id	: GenuineIntel
cpu family	: 6
model		: 61
model name	: Intel(R) Core(TM) i5-5200U CPU @ 2.20GHz
stepping	: 4
microcode	: 0x21
cpu MHz		: 2499.921
cache size	: 3072 KB
physical id	: 0
siblings	: 4
core id		: 0
cpu cores	: 2
apicid		: 1
initial apicid	: 1
fpu		: yes
fpu_exception	: yes
cpuid level	: 20
wp		: yes
flags		: fpu vme de pse tsc msr pae mce cx8 apic sep mtrr pge mca cmov pat pse36 clflush dts acpi mmx fxsr sse sse2 ss ht tm pbe syscall nx pdpe1gb rdtscp lm constant_tsc arch_perfmon pebs bts rep_good nopl xtopology nonstop_tsc aperfmperf eagerfpu pni pclmulqdq dtes64 monitor ds_cpl vmx est tm2 ssse3 sdbg fma cx16 xtpr pdcm pcid sse4_1 sse4_2 x2apic movbe popcnt tsc_deadline_timer aes xsave avx f16c rdrand lahf_lm abm 3dnowprefetch epb intel_pt tpr_shadow vnmi flexpriority ept vpid fsgsbase tsc_adjust bmi1 avx2 smep bmi2 erms invpcid rdseed adx smap xsaveopt dtherm ida arat pln pts
bugs		:
bogomips	: 4389.99
clflush size	: 64
cache_alignment	: 64
address sizes	: 39 bits physical, 48 bits virtual
power management:

processor	: 2
vendor_id	: GenuineIntel
cpu family	: 6
model		: 61
model name	: Intel(R) Core(TM) i5-5200U CPU @ 2.20GHz
stepping	: 4
microcode	: 0x21
cpu MHz		: 2499.921
cache size	: 3072 KB
physical id	: 0
siblings	: 4
core id		: 1
cpu cores	: 2
apicid		: 2
initial apicid	: 2
fpu		: yes
fpu_exception	: yes
cpuid level	: 20
wp		: yes
flags		: fpu vme de pse tsc msr pae mce cx8 apic sep mtrr pge mca cmov pat pse36 clflush dts acpi mmx fxsr sse sse2 ss ht tm pbe syscall nx pdpe1gb rdtscp lm constant_tsc arch_perfmon pebs bts rep_good nopl xtopology nonstop_tsc aperfmperf eagerfpu pni pclmulqdq dtes64 monitor ds_cpl vmx est tm2 ssse3 sdbg fma cx16 xtpr pdcm pcid sse4_1 sse4_2 x2apic movbe popcnt tsc_deadline_timer aes xsave avx f16c rdrand lahf_lm abm 3dnowprefetch epb intel_pt tpr_shadow vnmi flexpriority ept vpid fsgsbase tsc_adjust bmi1 avx2 smep bmi2 erms invpcid rdseed adx smap xsaveopt dtherm ida arat pln pts
bugs		:
bogomips	: 4389.99
clflush size	: 64
cache_alignment	: 64
address sizes	: 39 bits physical, 48 bits virtual
power management:

processor	: 3
vendor_id	: GenuineIntel
cpu family	: 6
model		: 61
model name	: Intel(R) Core(TM) i5-5200U CPU @ 2.20GHz
stepping	: 4
microcode	: 0x21
cpu MHz		: 2500.007
cache size	: 3072 KB
physical id	: 0
siblings	: 4
core id		: 1
cpu cores	: 2
apicid		: 3
initial apicid	: 3
fpu		: yes
fpu_exception	: yes
cpuid level	: 20
wp		: yes
flags		: fpu vme de pse tsc msr pae mce cx8 apic sep mtrr pge mca cmov pat pse36 clflush dts acpi mmx fxsr sse sse2 ss ht tm pbe syscall nx pdpe1gb rdtscp lm constant_tsc arch_perfmon pebs bts rep_good nopl xtopology nonstop_tsc aperfmperf eagerfpu pni pclmulqdq dtes64 monitor ds_cpl vmx est tm2 ssse3 sdbg fma cx16 xtpr pdcm pcid sse4_1 sse4_2 x2apic movbe popcnt tsc_deadline_timer aes xsave avx f16c rdrand lahf_lm abm 3dnowprefetch epb intel_pt tpr_shadow vnmi flexpriority ept vpid fsgsbase tsc_adjust bmi1 avx2 smep bmi2 erms invpcid rdseed adx smap xsaveopt dtherm ida arat pln pts
bugs		:
bogomips	: 4389.99
clflush size	: 64
cache_alignment	: 64
address sizes	: 39 bits physical, 48 bits virtual
power management:



Memory: 4k page, physical 12180004k(215664k free), swap 15637500k(15637276k free)

vm_info: OpenJDK 64-Bit Server VM (25.121-b13) for linux-amd64 JRE (1.8.0_121-8u121-b13-0ubuntu1.16.04.2-b13), built on Jan 23 2017 15:51:29 by "buildd" with gcc 5.4.0 20160609

time: Tue May  9 15:05:15 2017
elapsed time: 20 seconds (0d 0h 0m 20s)

