2017-05-09 15:08:58,659 [main] DEBUG org.jboss.logging - Logging Provider: org.jboss.logging.Slf4jLoggerProvider 
2017-05-09 15:09:56,736 [main] DEBUG org.jboss.logging - Logging Provider: org.jboss.logging.Slf4jLoggerProvider 
2017-05-09 15:09:58,143 [main] INFO  webapp.env - 
-=[webapp started successfully using the development profile]=- 
2017-05-09 15:09:58,281 [main] INFO  luminus.http-server - starting HTTP server on port 3000 
2017-05-09 15:09:58,329 [main] INFO  org.xnio - XNIO version 3.3.6.Final 
2017-05-09 15:09:58,536 [main] INFO  org.projectodd.wunderboss.web.Web - Registered web context / 
2017-05-09 15:09:58,539 [main] INFO  luminus.repl-server - starting nREPL server on port 7000 
2017-05-09 15:09:58,572 [main] INFO  webapp.core - #'webapp.config/env started 
2017-05-09 15:09:58,575 [main] INFO  webapp.core - #'webapp.handler/init-app started 
2017-05-09 15:09:58,575 [main] INFO  webapp.core - #'webapp.core/http-server started 
2017-05-09 15:09:58,576 [main] INFO  webapp.core - #'webapp.core/repl-server started 
2017-05-09 15:11:45,209 [main] DEBUG org.jboss.logging - Logging Provider: org.jboss.logging.Slf4jLoggerProvider 
2017-05-09 15:12:49,409 [Thread-2] INFO  luminus.repl-server - nREPL server stopped 
2017-05-09 15:12:49,411 [Thread-2] DEBUG org.projectodd.wunderboss.WunderBoss - Returning existing component for org.projectodd.wunderboss.web.Web:-1645144552, ignoring options. 
2017-05-09 15:12:49,459 [Thread-2] INFO  luminus.http-server - HTTP server stopped 
2017-05-09 15:12:49,460 [Thread-2] INFO  webapp.env - 
-=[webapp has shut down successfully]=- 
2017-05-09 15:12:49,462 [Thread-2] INFO  webapp.core - #'webapp.core/repl-server stopped 
2017-05-09 15:12:49,463 [Thread-2] INFO  webapp.core - #'webapp.core/http-server stopped 
2017-05-09 15:12:49,465 [Thread-2] INFO  webapp.core - #'webapp.handler/init-app stopped 
2017-05-09 15:18:26,122 [main] DEBUG org.jboss.logging - Logging Provider: org.jboss.logging.Slf4jLoggerProvider 
2017-05-09 15:18:27,866 [main] INFO  webapp.env - 
-=[webapp started successfully using the development profile]=- 
2017-05-09 15:18:28,005 [main] INFO  luminus.http-server - starting HTTP server on port 3000 
2017-05-09 15:18:28,073 [main] INFO  org.xnio - XNIO version 3.3.6.Final 
2017-05-09 15:18:28,252 [main] INFO  org.projectodd.wunderboss.web.Web - Registered web context / 
2017-05-09 15:18:28,254 [main] INFO  luminus.repl-server - starting nREPL server on port 7000 
2017-05-09 15:18:28,278 [main] INFO  webapp.core - #'webapp.config/env started 
2017-05-09 15:18:28,278 [main] INFO  webapp.core - #'webapp.handler/init-app started 
2017-05-09 15:18:28,278 [main] INFO  webapp.core - #'webapp.core/http-server started 
2017-05-09 15:18:28,279 [main] INFO  webapp.core - #'webapp.core/repl-server started 
2017-05-09 15:19:17,911 [Thread-2] INFO  luminus.repl-server - nREPL server stopped 
2017-05-09 15:19:17,915 [Thread-2] DEBUG org.projectodd.wunderboss.WunderBoss - Returning existing component for org.projectodd.wunderboss.web.Web:-1645144552, ignoring options. 
2017-05-09 15:19:17,922 [Thread-2] INFO  luminus.http-server - HTTP server stopped 
2017-05-09 15:19:17,923 [Thread-2] INFO  webapp.env - 
-=[webapp has shut down successfully]=- 
2017-05-09 15:19:17,924 [Thread-2] INFO  webapp.core - #'webapp.core/repl-server stopped 
2017-05-09 15:19:17,925 [Thread-2] INFO  webapp.core - #'webapp.core/http-server stopped 
2017-05-09 15:19:17,925 [Thread-2] INFO  webapp.core - #'webapp.handler/init-app stopped 
2017-05-09 15:20:02,177 [main] DEBUG org.jboss.logging - Logging Provider: org.jboss.logging.Slf4jLoggerProvider 
2017-05-09 15:21:43,631 [main] DEBUG org.jboss.logging - Logging Provider: org.jboss.logging.Slf4jLoggerProvider 
2017-05-09 15:21:44,649 [main] INFO  webapp.env - 
-=[webapp started successfully using the development profile]=- 
2017-05-09 15:21:44,800 [main] INFO  luminus.http-server - starting HTTP server on port 3000 
2017-05-09 15:21:44,867 [main] INFO  org.xnio - XNIO version 3.3.6.Final 
2017-05-09 15:21:45,042 [main] INFO  org.projectodd.wunderboss.web.Web - Registered web context / 
2017-05-09 15:21:45,044 [main] INFO  luminus.repl-server - starting nREPL server on port 7000 
2017-05-09 15:21:45,065 [main] INFO  webapp.core - #'webapp.config/env started 
2017-05-09 15:21:45,066 [main] INFO  webapp.core - #'webapp.handler/init-app started 
2017-05-09 15:21:45,066 [main] INFO  webapp.core - #'webapp.core/http-server started 
2017-05-09 15:21:45,066 [main] INFO  webapp.core - #'webapp.core/repl-server started 
2017-05-09 17:23:02,483 [Thread-2] INFO  luminus.repl-server - nREPL server stopped 
2017-05-09 17:23:02,485 [Thread-2] DEBUG org.projectodd.wunderboss.WunderBoss - Returning existing component for org.projectodd.wunderboss.web.Web:-1645144552, ignoring options. 
2017-05-09 17:23:02,491 [Thread-2] INFO  luminus.http-server - HTTP server stopped 
2017-05-09 17:23:02,493 [Thread-2] INFO  webapp.env - 
-=[webapp has shut down successfully]=- 
2017-05-09 17:23:02,494 [Thread-2] INFO  webapp.core - #'webapp.core/repl-server stopped 
2017-05-09 17:23:02,494 [Thread-2] INFO  webapp.core - #'webapp.core/http-server stopped 
2017-05-09 17:23:02,495 [Thread-2] INFO  webapp.core - #'webapp.handler/init-app stopped 
